2021-11-09 19:18:36.936,write _RTCM (1181)
2021-11-09 19:18:37.860,write _RTCM (1071)
2021-11-09 19:18:38.084,write _MAP (57664)
2021-11-09 19:18:38.170,write _SPaT (3981)
2021-11-09 19:18:38.319,write _SPaT (3981)
2021-11-09 19:18:38.508,write _SPaT (3981)
2021-11-09 19:18:38.682,write _TIM (2062)
2021-11-09 19:18:38.708,write _SPaT (3981)
2021-11-09 19:18:38.792,write _RTCM (1071)
2021-11-09 19:18:39.797,write _RTCM (1071)
2021-11-09 19:18:40.780,write _RTCM (1071)
2021-11-09 20:50:26.463,write _RTCM (1181)
2021-11-09 20:50:27.055,write _MAP (93490)
2021-11-09 20:50:27.075,write _SPaT (6096)
2021-11-09 20:50:27.180,write _RTCM (991)
2021-11-09 20:50:27.218,write _SPaT (6096)
2021-11-09 20:50:27.417,write _SPaT (6096)
2021-11-09 20:50:27.697,write _TIM (2063)
2021-11-09 20:50:27.698,write _SPaT (6096)
2021-11-09 20:50:27.821,write _SPaT (6096)
2021-11-09 20:50:28.061,write _MAP (93490)
2021-11-09 20:50:28.061,write _SPaT (6096)
2021-11-09 20:50:28.164,write _RTCM (991)
2021-11-09 20:50:28.245,write _SPaT (6096)
2021-11-09 20:50:28.441,write _SPaT (6096)
2021-11-09 20:50:28.626,write _TIM (2063)
2021-11-09 20:50:28.693,write _SPaT (6096)
2021-11-09 20:50:28.828,write _SPaT (6096)
2021-11-09 20:50:29.018,write _MAP (93490)
2021-11-09 20:50:29.064,write _SPaT (6096)
2021-11-09 20:50:29.173,write _RTCM (991)
2021-11-09 20:50:29.273,write _SPaT (6096)
2021-11-09 20:50:29.653,write _SPaT (6096)
2021-11-09 20:50:29.673,write _TIM (2063)
2021-11-09 20:50:29.674,write _SPaT (6096)
2021-11-09 20:50:29.834,write _SPaT (6096)
2021-11-09 20:50:29.995,write _MAP (93490)
2021-11-09 20:50:30.068,write _SPaT (6096)
2021-11-09 20:50:30.174,write _RTCM (991)
2021-11-09 20:50:30.306,write _SPaT (6096)
2021-11-09 20:50:30.457,write _SPaT (6096)
2021-11-09 20:50:30.657,write _TIM (2063)
2021-11-09 20:50:30.658,write _SPaT (6096)
2021-11-09 20:50:30.858,write _SPaT (6096)
2021-11-09 20:50:31.260,write _MAP (93490)
2021-11-09 20:50:31.260,write _RTCM (1051)
2021-11-09 20:50:31.580,write _SPaT (6096)
2021-11-09 20:50:31.580,write _SPaT (6095)
2021-11-09 20:50:31.612,write _SPaT (6095)
2021-11-09 20:50:31.622,write _TIM (2063)
2021-11-09 20:50:31.640,write _SPaT (6095)
2021-11-09 20:50:31.848,write _SPaT (6095)
2021-11-09 20:50:31.990,write _MAP (93490)
2021-11-09 20:50:32.057,write _SPaT (6095)
2021-11-09 20:50:32.177,write _RTCM (991)
2021-11-09 20:50:32.298,write _SPaT (6098)
2021-11-09 20:50:32.467,write _SPaT (6098)
2021-11-09 20:50:32.628,write _TIM (2063)
2021-11-09 20:50:32.666,write _SPaT (6098)
2021-11-09 20:50:32.879,write _SPaT (6098)
2021-11-09 20:50:33.178,write _MAP (93490)
2021-11-09 20:50:33.178,write _SPaT (6098)
2021-11-09 20:50:33.192,write _RTCM (991)
2021-11-09 20:50:33.445,write _SPaT (6098)
2021-11-09 20:50:33.488,write _SPaT (6098)
2021-11-09 20:50:33.608,write _TIM (2063)
2021-11-09 20:50:33.683,write _SPaT (6098)
2021-11-09 20:50:33.881,write _SPaT (6098)
2021-11-09 20:50:34.138,write _MAP (93490)
2021-11-09 20:50:34.139,write _SPaT (6098)
2021-11-09 20:50:34.178,write _RTCM (991)
2021-11-09 20:50:34.297,write _SPaT (6098)
2021-11-09 20:50:34.488,write _SPaT (6098)
2021-11-09 20:50:34.589,write _TIM (2063)
2021-11-09 20:50:34.892,write _SPaT (6098)
2021-11-09 20:50:35.097,write _MAP (93490)
2021-11-09 20:50:35.098,write _SPaT (6098)
2021-11-09 20:50:35.107,write _SPaT (6098)
2021-11-09 20:50:35.163,write _RTCM (241)
2021-11-09 20:50:35.528,write _SPaT (6098)
2021-11-09 20:50:35.590,write _SPaT (6098)
2021-11-09 20:50:35.677,write _TIM (2063)
2021-11-09 20:50:35.685,write _SPaT (6098)
2021-11-09 20:50:36.061,write _MAP (29930)
2021-11-09 20:50:36.203,write _RTCM (1181)
2021-11-09 20:50:36.509,write _SPaT (1904)
2021-11-09 20:50:36.515,write _SPaT (1904)
2021-11-09 20:50:36.693,write _SPaT (1904)
2021-11-09 20:50:36.694,write _SPaT (1904)
2021-11-09 20:50:36.853,write _SPaT (1904)
2021-11-09 20:50:36.985,write _MAP (29930)
2021-11-09 20:50:37.060,write _SPaT (1904)
2021-11-09 20:50:37.333,write _RTCM (991)
2021-11-09 20:50:37.398,write _SPaT (1904)
2021-11-09 20:50:37.477,write _SPaT (1904)
2021-11-09 20:50:37.682,write _SPaT (1904)
2021-11-09 20:50:37.842,write _SPaT (1904)
2021-11-09 20:50:37.984,write _MAP (29930)
2021-11-09 20:50:38.068,write _SPaT (1904)
2021-11-09 20:50:38.184,write _RTCM (991)
2021-11-09 20:50:38.363,write _SPaT (1904)
2021-11-09 20:50:38.455,write _SPaT (1904)
2021-11-09 20:50:38.669,write _SPaT (1904)
2021-11-09 20:50:38.859,write _SPaT (1904)
2021-11-09 20:50:39.256,write _MAP (29930)
2021-11-09 20:50:39.256,write _SPaT (1904)
2021-11-09 20:50:39.256,write _RTCM (991)
2021-11-09 20:50:39.514,write _SPaT (1904)
2021-11-09 20:50:39.677,write _SPaT (1904)
2021-11-09 20:50:39.726,write _SPaT (1904)
2021-11-09 20:50:39.871,write _SPaT (1904)
2021-11-09 20:50:40.222,write _MAP (29930)
2021-11-09 20:50:40.222,write _SPaT (1904)
2021-11-09 20:50:40.222,write _RTCM (992)
2021-11-09 20:50:40.325,write _SPaT (1904)
2021-11-09 20:50:40.523,write _SPaT (1904)
2021-11-09 20:50:40.686,write _SPaT (1904)
2021-11-09 20:50:40.883,write _SPaT (1904)
2021-11-09 20:50:40.984,write _MAP (29930)
2021-11-09 20:50:41.095,write _SPaT (1904)
2021-11-09 20:50:41.494,write _RTCM (1052)
2021-11-09 20:50:41.494,write _SPaT (1904)
2021-11-09 20:50:41.512,write _SPaT (1904)
2021-11-09 20:50:41.682,write _SPaT (1904)
2021-11-09 20:50:41.892,write _SPaT (1904)
2021-11-09 20:50:41.987,write _MAP (29930)
2021-11-09 20:50:42.145,write _SPaT (1904)
2021-11-09 20:50:42.183,write _RTCM (992)
2021-11-09 20:50:42.346,write _SPaT (1904)
2021-11-09 20:50:42.502,write _SPaT (1904)
2021-11-09 20:50:42.702,write _SPaT (1904)
2021-11-09 20:50:42.896,write _SPaT (1904)
2021-11-09 20:50:43.095,write _MAP (29930)
2021-11-09 20:50:43.110,write _SPaT (1904)
2021-11-09 20:50:43.195,write _RTCM (992)
2021-11-09 20:50:43.341,write _SPaT (1904)
2021-11-09 20:50:43.500,write _SPaT (1904)
2021-11-09 20:50:43.739,write _SPaT (1904)
2021-11-09 20:50:43.905,write _SPaT (1904)
2021-11-09 20:50:43.990,write _MAP (29930)
2021-11-09 20:50:44.133,write _SPaT (1904)
2021-11-09 20:50:44.223,write _RTCM (992)
2021-11-09 20:50:44.373,write _SPaT (1904)
2021-11-09 20:50:44.524,write _SPaT (1904)
2021-11-09 20:50:44.722,write _SPaT (1904)
2021-11-09 20:50:44.915,write _SPaT (1904)
2021-11-09 20:50:45.014,write _MAP (29930)
2021-11-09 20:50:45.181,write _RTCM (242)
2021-11-09 20:50:45.181,write _SPaT (1904)
2021-11-09 20:50:45.614,write _SPaT (1904)
2021-11-09 20:50:45.654,write _SPaT (1904)
2021-11-09 20:50:45.988,write _SPaT (1904)
2021-11-09 20:50:46.293,write _SPaT (1904)
2021-11-09 20:50:46.295,write _MAP (29930)
2021-11-09 20:50:46.297,write _RTCM (1182)
2021-11-09 20:50:46.298,write _SPaT (1904)
2021-11-09 20:50:46.378,write _SPaT (1904)
2021-11-09 20:50:46.620,write _SPaT (1904)
2021-11-09 20:50:46.878,write _SPaT (1904)
2021-11-09 20:50:46.954,write _SPaT (1904)
2021-11-09 20:50:47.254,write _MAP (29930)
2021-11-09 20:50:47.255,write _RTCM (992)
2021-11-09 20:50:47.255,write _SPaT (1904)
2021-11-09 20:50:47.515,write _SPaT (1904)
2021-11-09 20:50:47.591,write _SPaT (1904)
2021-11-09 20:50:47.810,write _SPaT (1904)
2021-11-09 20:50:47.958,write _SPaT (1904)
2021-11-09 20:50:48.214,write _MAP (29930)
2021-11-09 20:50:48.238,write _RTCM (992)
2021-11-09 20:50:48.536,write _SPaT (1904)
2021-11-09 20:50:48.537,write _SPaT (1904)
2021-11-09 20:50:48.725,write _SPaT (1904)
2021-11-09 20:50:48.755,write _SPaT (1904)
2021-11-09 20:50:48.963,write _SPaT (1904)
2021-11-09 20:50:48.990,write _MAP (29930)
2021-11-09 20:50:49.175,write _RTCM (992)
2021-11-09 20:50:49.231,write _SPaT (1904)
2021-11-09 20:50:49.369,write _SPaT (1904)
2021-11-09 20:50:49.613,write _SPaT (1904)
2021-11-09 20:50:49.776,write _SPaT (1904)
2021-11-09 20:50:49.989,write _SPaT (1904)
2021-11-09 20:50:50.182,write _MAP (29930)
2021-11-09 20:50:50.183,write _RTCM (992)
2021-11-09 20:50:50.443,write _SPaT (1904)
2021-11-09 20:50:50.517,write _SPaT (1904)
2021-11-09 20:50:50.645,write _SPaT (1904)
2021-11-09 20:50:50.798,write _SPaT (1904)
2021-11-09 20:50:51.099,write _MAP (99611)
2021-11-09 20:50:51.100,write _SPaT (6602)
2021-11-09 20:50:51.226,write _RTCM (1052)
2021-11-09 20:50:51.227,write _SPaT (6602)
2021-11-09 20:50:51.406,write _SPaT (6602)
2021-11-09 20:50:51.452,write _RSA (579)
2021-11-09 20:50:51.613,write _SPaT (6602)
2021-11-09 20:50:51.776,write _SPaT (6600)
2021-11-09 20:50:52.060,write _MAP (99611)
2021-11-09 20:50:52.060,write _SPaT (6600)
2021-11-09 20:50:52.210,write _RTCM (992)
2021-11-09 20:50:52.479,write _SPaT (6600)
2021-11-09 20:50:52.501,write _SPaT (6600)
2021-11-09 20:50:52.502,write _RSA (579)
2021-11-09 20:50:52.509,write _RSA (579)
2021-11-09 20:50:52.611,write _SPaT (6600)
2021-11-09 20:50:52.788,write _SPaT (6586)
2021-11-09 20:50:53.018,write _MAP (99611)
2021-11-09 20:50:53.064,write _SPaT (6586)
2021-11-09 20:50:53.190,write _RTCM (992)
2021-11-09 20:50:53.206,write _SPaT (6586)
2021-11-09 20:50:53.379,write _SPaT (6586)
2021-11-09 20:50:53.417,write _RSA (579)
2021-11-09 20:50:53.481,write _RSA (579)
2021-11-09 20:50:53.653,write _RSA (579)
2021-11-09 20:50:53.671,write _SPaT (6586)
2021-11-09 20:50:53.791,write _SPaT (6586)
2021-11-09 20:50:53.996,write _MAP (99611)
2021-11-09 20:50:54.048,write _SPaT (6586)
2021-11-09 20:50:54.184,write _RTCM (992)
2021-11-09 20:50:54.245,write _SPaT (6586)
2021-11-09 20:50:54.614,write _SPaT (6586)
2021-11-09 20:50:54.615,write _RSA (579)
2021-11-09 20:50:54.615,write _RSA (579)
2021-11-09 20:50:54.615,write _RSA (579)
2021-11-09 20:50:54.656,write _SPaT (6586)
2021-11-09 20:50:54.779,write _SPaT (6586)
2021-11-09 20:50:55.079,write _SPaT (6586)
2021-11-09 20:50:55.260,write _MAP (99611)
2021-11-09 20:50:55.260,write _RTCM (242)
2021-11-09 20:50:55.260,write _SPaT (6586)
2021-11-09 20:50:55.408,write _SPaT (6586)
2021-11-09 20:50:55.465,write _RSA (579)
2021-11-09 20:50:55.465,write _RSA (579)
2021-11-09 20:50:55.661,write _SPaT (6586)
2021-11-09 20:50:55.808,write _SPaT (6586)
2021-11-09 20:50:56.218,write _MAP (99611)
2021-11-09 20:50:56.239,write _SPaT (6586)
2021-11-09 20:50:56.239,write _RTCM (1182)
2021-11-09 20:50:56.275,write _SPaT (6586)
2021-11-09 20:50:56.438,write _RSA (579)
2021-11-09 20:50:56.439,write _SPaT (6586)
2021-11-09 20:50:56.459,write _RSA (579)
2021-11-09 20:50:56.675,write _SPaT (6586)
2021-11-09 20:50:56.830,write _SPaT (6580)
2021-11-09 20:50:56.990,write _MAP (99611)
2021-11-09 20:50:57.071,write _SPaT (6580)
2021-11-09 20:50:57.204,write _RTCM (992)
2021-11-09 20:50:57.448,write _RSA (579)
2021-11-09 20:50:57.506,write _SPaT (6580)
2021-11-09 20:50:57.513,write _SPaT (6580)
2021-11-09 20:50:57.534,write _RSA (579)
2021-11-09 20:50:57.706,write _SPaT (6580)
2021-11-09 20:50:57.917,write _SPaT (6632)
2021-11-09 20:50:58.146,write _MAP (99611)
2021-11-09 20:50:58.146,write _RSA (589)
2021-11-09 20:50:58.146,write _SPaT (6632)
2021-11-09 20:50:58.191,write _RTCM (992)
2021-11-09 20:50:58.278,write _SPaT (6632)
2021-11-09 20:50:58.463,write _SPaT (6632)
2021-11-09 20:50:58.773,write _RSA (579)
2021-11-09 20:50:58.774,write _RSA (579)
2021-11-09 20:50:58.775,write _SPaT (6632)
2021-11-09 20:50:58.845,write _SPaT (6632)
2021-11-09 20:50:58.964,write _RSA (589)
2021-11-09 20:50:58.986,write _RSA (589)
2021-11-09 20:50:59.098,write _MAP (99611)
2021-11-09 20:50:59.099,write _SPaT (6632)
2021-11-09 20:50:59.205,write _RTCM (992)
2021-11-09 20:50:59.266,write _SPaT (6632)
2021-11-09 20:50:59.452,write _SPaT (6632)
2021-11-09 20:50:59.471,write _RSA (577)
2021-11-09 20:50:59.484,write _RSA (577)
2021-11-09 20:50:59.647,write _SPaT (6632)
2021-11-09 20:50:59.823,write _SPaT (6632)
2021-11-09 20:50:59.965,write _RSA (589)
2021-11-09 20:51:00.059,write _MAP (99611)
2021-11-09 20:51:00.116,write _SPaT (6629)
2021-11-09 20:51:00.186,write _RTCM (992)
2021-11-09 20:51:00.439,write _RSA (575)
2021-11-09 20:51:00.470,write _SPaT (6630)
2021-11-09 20:51:00.520,write _SPaT (6630)
2021-11-09 20:51:00.679,write _SPaT (6630)
2021-11-09 20:51:00.860,write _SPaT (6630)
2021-11-09 20:51:00.971,write _RSA (587)
2021-11-09 20:51:01.018,write _MAP (99611)
2021-11-09 20:51:01.080,write _SPaT (6631)
2021-11-09 20:51:01.188,write _RTCM (1052)
2021-11-09 20:51:01.321,write _SPaT (6631)
2021-11-09 20:51:01.435,write _RSA (576)
2021-11-09 20:51:01.483,write _SPaT (6631)
2021-11-09 20:51:01.674,write _SPaT (6631)
2021-11-09 20:51:01.867,write _SPaT (6629)
2021-11-09 20:51:01.964,write _RSA (588)
2021-11-09 20:51:01.994,write _MAP (99611)
2021-11-09 20:51:02.089,write _SPaT (6629)
2021-11-09 20:51:02.180,write _RTCM (992)
2021-11-09 20:51:02.286,write _SPaT (6629)
2021-11-09 20:51:02.484,write _SPaT (6629)
2021-11-09 20:51:02.609,write _RSA (792)
2021-11-09 20:51:02.702,write _SPaT (6629)
2021-11-09 20:51:02.924,write _SPaT (6629)
2021-11-09 20:51:03.260,write _MAP (99611)
2021-11-09 20:51:03.261,write _SPaT (6629)
2021-11-09 20:51:03.261,write _RTCM (992)
2021-11-09 20:51:03.372,write _SPaT (6629)
2021-11-09 20:51:03.495,write _SPaT (6629)
2021-11-09 20:51:03.631,write _RSA (792)
2021-11-09 20:51:03.692,write _SPaT (6629)
2021-11-09 20:51:04.218,write _MAP (99611)
2021-11-09 20:51:04.218,write _SPaT (6629)
2021-11-09 20:51:04.218,write _SPaT (6629)
2021-11-09 20:51:04.219,write _RTCM (992)
2021-11-09 20:51:04.482,write _SPaT (6629)
2021-11-09 20:51:04.517,write _SPaT (6629)
2021-11-09 20:51:04.564,write _RSA (792)
2021-11-09 20:51:04.698,write _SPaT (6629)
2021-11-09 20:51:05.178,write _MAP (99611)
2021-11-09 20:51:05.179,write _SPaT (6629)
2021-11-09 20:51:05.179,write _SPaT (6629)
2021-11-09 20:51:05.193,write _RTCM (242)
2021-11-09 20:51:05.359,write _SPaT (6629)
2021-11-09 20:51:05.569,write _SPaT (6629)
2021-11-09 20:51:05.570,write _RSA (793)
2021-11-09 20:51:05.728,write _SPaT (6629)
2021-11-09 20:51:05.969,write _RSA (588)
2021-11-09 20:51:06.146,write _MAP (99611)
2021-11-09 20:51:06.147,write _SPaT (6629)
2021-11-09 20:51:06.163,write _SPaT (6629)
2021-11-09 20:51:06.166,write _RTCM (1182)
2021-11-09 20:51:06.454,write _SPaT (6629)
2021-11-09 20:51:06.533,write _SPaT (6629)
2021-11-09 20:51:06.613,write _RSA (793)
2021-11-09 20:51:06.613,write _RSA (793)
2021-11-09 20:51:06.733,write _SPaT (6629)
2021-11-09 20:51:06.975,write _RSA (588)
2021-11-09 20:51:07.095,write _MAP (24624)
2021-11-09 20:51:07.095,write _SPaT (1897)
2021-11-09 20:51:07.219,write _RTCM (992)
2021-11-09 20:51:07.335,write _SPaT (1897)
2021-11-09 20:51:07.433,write _RSA (577)
2021-11-09 20:51:07.450,write _RSA (577)
2021-11-09 20:51:07.481,write _SPaT (1897)
2021-11-09 20:51:07.696,write _SPaT (1897)
2021-11-09 20:51:07.879,write _SPaT (1897)
2021-11-09 20:51:07.989,write _MAP (24624)
2021-11-09 20:51:08.086,write _SPaT (1897)
2021-11-09 20:51:08.373,write _RTCM (990)
2021-11-09 20:51:08.481,write _RSA (577)
2021-11-09 20:51:08.481,write _SPaT (1897)
2021-11-09 20:51:08.499,write _RSA (577)
2021-11-09 20:51:08.506,write _SPaT (1897)
2021-11-09 20:51:08.696,write _SPaT (1897)
2021-11-09 20:51:08.885,write _SPaT (1897)
2021-11-09 20:51:08.989,write _MAP (24624)
2021-11-09 20:51:09.145,write _SPaT (1897)
2021-11-09 20:51:09.341,write _RTCM (990)
2021-11-09 20:51:09.342,write _SPaT (1897)
2021-11-09 20:51:09.496,write _RSA (577)
2021-11-09 20:51:09.546,write _RSA (577)
2021-11-09 20:51:09.546,write _RSA (577)
2021-11-09 20:51:09.684,write _SPaT (1897)
2021-11-09 20:51:09.696,write _SPaT (1897)
2021-11-09 20:51:09.886,write _SPaT (1897)
2021-11-09 20:51:09.988,write _MAP (24624)
2021-11-09 20:51:10.112,write _SPaT (1898)
2021-11-09 20:51:10.196,write _RTCM (990)
2021-11-09 20:51:10.304,write _SPaT (1898)
2021-11-09 20:51:10.446,write _RSA (578)
2021-11-09 20:51:10.471,write _RSA (578)
2021-11-09 20:51:10.497,write _SPaT (1898)
2021-11-09 20:51:10.696,write _SPaT (1898)
2021-11-09 20:51:11.255,write _MAP (24624)
2021-11-09 20:51:11.255,write _SPaT (1898)
2021-11-09 20:51:11.255,write _SPaT (1898)
2021-11-09 20:51:11.255,write _RTCM (1050)
2021-11-09 20:51:11.326,write _SPaT (1898)
2021-11-09 20:51:11.545,write _RSA (578)
2021-11-09 20:51:11.581,write _RSA (578)
2021-11-09 20:51:11.581,write _SPaT (1898)
2021-11-09 20:51:11.883,write _SPaT (1898)
2021-11-09 20:51:12.214,write _MAP (24624)
2021-11-09 20:51:12.214,write _SPaT (1898)
2021-11-09 20:51:12.215,write _SPaT (1898)
2021-11-09 20:51:12.228,write _RTCM (990)
2021-11-09 20:51:12.334,write _SPaT (1898)
2021-11-09 20:51:12.444,write _RSA (578)
2021-11-09 20:51:12.474,write _RSA (578)
2021-11-09 20:51:12.508,write _SPaT (1898)
2021-11-09 20:51:12.714,write _SPaT (1898)
2021-11-09 20:51:12.989,write _MAP (24624)
2021-11-09 20:51:13.044,write _SPaT (1898)
2021-11-09 20:51:13.121,write _SPaT (1898)
2021-11-09 20:51:13.190,write _RTCM (990)
2021-11-09 20:51:13.421,write _RSA (578)
2021-11-09 20:51:13.464,write _SPaT (1898)
2021-11-09 20:51:13.484,write _RSA (578)
2021-11-09 20:51:13.529,write _SPaT (1898)
2021-11-09 20:51:13.710,write _SPaT (1897)
2021-11-09 20:51:14.135,write _MAP (24624)
2021-11-09 20:51:14.136,write _SPaT (1897)
2021-11-09 20:51:14.154,write _SPaT (1897)
2021-11-09 20:51:14.176,write _RTCM (990)
2021-11-09 20:51:14.349,write _SPaT (1897)
2021-11-09 20:51:14.434,write _RSA (578)
2021-11-09 20:51:14.677,write _SPaT (1897)
2021-11-09 20:51:14.762,write _SPaT (1900)
2021-11-09 20:51:15.095,write _MAP (24624)
2021-11-09 20:51:15.095,write _SPaT (1900)
2021-11-09 20:51:15.177,write _RTCM (240)
2021-11-09 20:51:15.178,write _SPaT (1900)
2021-11-09 20:51:15.505,write _RSA (578)
2021-11-09 20:51:15.505,write _SPaT (1900)
2021-11-09 20:51:15.539,write _RSA (578)
2021-11-09 20:51:15.597,write _SPaT (1900)
2021-11-09 20:51:15.753,write _SPaT (1900)
2021-11-09 20:51:15.987,write _MAP (24624)
2021-11-09 20:51:16.063,write _SPaT (1900)
2021-11-09 20:51:16.375,write _RTCM (1180)
2021-11-09 20:51:16.375,write _SPaT (1900)
2021-11-09 20:51:16.375,write _SPaT (1900)
2021-11-09 20:51:16.436,write _RSA (578)
2021-11-09 20:51:16.460,write _RSA (578)
2021-11-09 20:51:16.572,write _SPaT (1900)
2021-11-09 20:51:16.852,write _SPaT (1900)
2021-11-09 20:51:16.995,write _MAP (28563)
2021-11-09 20:51:17.068,write _SPaT (1889)
2021-11-09 20:51:17.207,write _RTCM (990)
2021-11-09 20:51:17.439,write _SPaT (1889)
2021-11-09 20:51:17.541,write _SPaT (1889)
2021-11-09 20:51:17.711,write _SPaT (1889)
2021-11-09 20:51:17.791,write _SPaT (1889)
2021-11-09 20:51:17.986,write _MAP (28563)
2021-11-09 20:51:18.041,write _SPaT (1889)
2021-11-09 20:51:18.197,write _RTCM (991)
2021-11-09 20:51:18.222,write _SPaT (1889)
2021-11-09 20:51:18.548,write _SPaT (1889)
2021-11-09 20:51:18.642,write _SPaT (1889)
2021-11-09 20:51:18.907,write _SPaT (1889)
2021-11-09 20:51:19.255,write _MAP (28563)
2021-11-09 20:51:19.255,write _SPaT (1889)
2021-11-09 20:51:19.274,write _RTCM (991)
2021-11-09 20:51:19.274,write _SPaT (1889)
2021-11-09 20:51:19.404,write _SPaT (1889)
2021-11-09 20:51:19.601,write _SPaT (1889)
2021-11-09 20:51:19.794,write _SPaT (1889)
2021-11-09 20:51:20.216,write _MAP (28563)
2021-11-09 20:51:20.216,write _SPaT (1889)
2021-11-09 20:51:20.234,write _SPaT (1889)
2021-11-09 20:51:20.404,write _SPaT (1889)
2021-11-09 20:51:20.606,write _RTCM (991)
2021-11-09 20:51:20.655,write _SPaT (1889)
2021-11-09 20:51:20.794,write _SPaT (1889)
2021-11-09 20:51:20.987,write _MAP (28563)
2021-11-09 20:51:21.044,write _SPaT (1889)
2021-11-09 20:51:21.175,write _RTCM (1051)
2021-11-09 20:51:21.235,write _SPaT (1889)
2021-11-09 20:51:21.425,write _SPaT (1889)
2021-11-09 20:51:21.624,write _SPaT (1889)
2021-11-09 20:51:21.804,write _SPaT (1889)
2021-11-09 20:51:22.003,write _MAP (28563)
2021-11-09 20:51:22.045,write _SPaT (1889)
2021-11-09 20:51:22.192,write _RTCM (991)
2021-11-09 20:51:22.256,write _SPaT (1889)
2021-11-09 20:51:22.435,write _SPaT (1889)
2021-11-09 20:51:22.657,write _SPaT (1889)
2021-11-09 20:51:22.838,write _SPaT (1889)
2021-11-09 20:51:23.095,write _MAP (28563)
2021-11-09 20:51:23.095,write _SPaT (1889)
2021-11-09 20:51:23.176,write _RTCM (991)
2021-11-09 20:51:23.242,write _SPaT (1889)
2021-11-09 20:51:23.418,write _SPaT (1889)
2021-11-09 20:51:23.657,write _SPaT (1889)
2021-11-09 20:51:23.898,write _SPaT (1889)
2021-11-09 20:51:23.990,write _MAP (28563)
2021-11-09 20:51:24.043,write _SPaT (1889)
2021-11-09 20:51:24.375,write _RTCM (991)
2021-11-09 20:51:24.375,write _SPaT (1889)
2021-11-09 20:51:24.438,write _SPaT (1888)
2021-11-09 20:51:24.757,write _SPaT (1888)
2021-11-09 20:51:24.848,write _SPaT (1888)
2021-11-09 20:51:24.982,write _MAP (28563)
2021-11-09 20:51:25.059,write _SPaT (1888)
2021-11-09 20:51:25.178,write _RTCM (241)
2021-11-09 20:51:25.491,write _SPaT (1888)
2021-11-09 20:51:25.517,write _SPaT (1876)
2021-11-09 20:51:25.833,write _SPaT (1876)
2021-11-09 20:51:25.864,write _SPaT (1876)
2021-11-09 20:51:25.991,write _MAP (28563)
2021-11-09 20:51:26.063,write _SPaT (1876)
2021-11-09 20:51:26.189,write _RTCM (1181)
2021-11-09 20:51:26.284,write _SPaT (1876)
2021-11-09 20:51:26.469,write _SPaT (1902)
2021-11-09 20:51:26.885,write _SPaT (1902)
2021-11-09 20:51:26.903,write _SPaT (1902)
2021-11-09 20:51:26.996,write _MAP (28563)
2021-11-09 20:51:27.082,write _SPaT (1902)
2021-11-09 20:51:27.191,write _RTCM (991)
2021-11-09 20:51:27.317,write _SPaT (1902)
2021-11-09 20:51:27.485,write _SPaT (1902)
2021-11-09 20:51:27.689,write _SPaT (1902)
2021-11-09 20:51:27.873,write _SPaT (1902)
2021-11-09 20:51:27.988,write _MAP (28563)
2021-11-09 20:51:28.098,write _SPaT (1902)
2021-11-09 20:51:28.213,write _RTCM (991)
2021-11-09 20:51:28.285,write _SPaT (1902)
2021-11-09 20:51:28.497,write _SPaT (1902)
2021-11-09 20:51:28.669,write _SPaT (1902)
2021-11-09 20:51:28.877,write _SPaT (1902)
2021-11-09 20:51:28.996,write _MAP (28563)
2021-11-09 20:51:29.096,write _SPaT (1902)
2021-11-09 20:51:29.215,write _RTCM (991)
2021-11-09 20:51:29.339,write _SPaT (1902)
2021-11-09 20:51:29.515,write _SPaT (1902)
2021-11-09 20:51:29.712,write _SPaT (1902)
2021-11-09 20:51:30.137,write _MAP (28563)
2021-11-09 20:51:30.138,write _SPaT (1902)
2021-11-09 20:51:30.153,write _SPaT (1902)
2021-11-09 20:51:30.207,write _RTCM (991)
2021-11-09 20:51:30.311,write _SPaT (1902)
2021-11-09 20:51:30.543,write _SPaT (1902)
2021-11-09 20:51:30.705,write _SPaT (1902)
2021-11-09 20:51:31.097,write _MAP (28563)
2021-11-09 20:51:31.097,write _SPaT (1902)
2021-11-09 20:51:31.130,write _SPaT (1902)
2021-11-09 20:51:31.333,write _RTCM (1051)
2021-11-09 20:51:31.356,write _SPaT (1902)
2021-11-09 20:51:31.522,write _SPaT (1902)
2021-11-09 20:51:31.742,write _SPaT (1902)
2021-11-09 20:51:31.989,write _MAP (28563)
2021-11-09 20:51:32.036,write _SPaT (1902)
2021-11-09 20:51:32.149,write _SPaT (1902)
2021-11-09 20:51:32.374,write _RTCM (991)
2021-11-09 20:51:32.375,write _SPaT (1902)
2021-11-09 20:51:32.528,write _SPaT (1902)
2021-11-09 20:51:32.730,write _SPaT (1902)
2021-11-09 20:51:32.987,write _MAP (28563)
2021-11-09 20:51:33.048,write _SPaT (1902)
2021-11-09 20:51:33.182,write _RTCM (991)
2021-11-09 20:51:33.377,write _SPaT (1902)
2021-11-09 20:51:33.404,write _SPaT (1902)
2021-11-09 20:51:33.535,write _SPaT (1902)
2021-11-09 20:51:33.735,write _SPaT (1902)
2021-11-09 20:51:33.997,write _MAP (28563)
2021-11-09 20:51:34.030,write _SPaT (1902)
2021-11-09 20:51:34.156,write _SPaT (1902)
2021-11-09 20:51:34.177,write _RTCM (991)
2021-11-09 20:51:34.347,write _SPaT (1902)
2021-11-09 20:51:34.615,write _SPaT (1902)
2021-11-09 20:51:34.762,write _SPaT (1902)
2021-11-09 20:51:35.256,write _MAP (28563)
2021-11-09 20:51:35.256,write _SPaT (1902)
2021-11-09 20:51:35.257,write _RTCM (241)
2021-11-09 20:51:35.257,write _SPaT (1902)
2021-11-09 20:51:35.381,write _SPaT (1902)
2021-11-09 20:51:35.733,write _SPaT (1902)
2021-11-09 20:51:35.777,write _SPaT (1902)
2021-11-09 20:51:35.991,write _MAP (28563)
2021-11-09 20:51:36.070,write _SPaT (1902)
2021-11-09 20:51:36.214,write _RTCM (1181)
2021-11-09 20:51:36.214,write _SPaT (1902)
2021-11-09 20:51:36.542,write _SPaT (1902)
2021-11-09 20:51:36.617,write _SPaT (1902)
2021-11-09 20:51:36.782,write _SPaT (1902)
2021-11-09 20:51:36.989,write _MAP (28563)
2021-11-09 20:51:37.177,write _SPaT (1902)
2021-11-09 20:51:37.177,write _RTCM (991)
2021-11-09 20:51:37.226,write _SPaT (1902)
2021-11-09 20:51:37.414,write _SPaT (1902)
2021-11-09 20:51:37.797,write _SPaT (1902)
2021-11-09 20:51:37.802,write _SPaT (1902)
2021-11-09 20:51:38.036,write _MAP (28563)
2021-11-09 20:51:38.048,write _SPaT (1902)
2021-11-09 20:51:38.180,write _RTCM (991)
2021-11-09 20:51:38.214,write _SPaT (1902)
2021-11-09 20:51:38.389,write _SPaT (1902)
2021-11-09 20:51:38.640,write _SPaT (1902)
2021-11-09 20:51:38.790,write _SPaT (1902)
2021-11-09 20:51:39.096,write _MAP (28563)
2021-11-09 20:51:39.096,write _SPaT (1902)
2021-11-09 20:51:39.202,write _RTCM (991)
2021-11-09 20:51:39.231,write _SPaT (1902)
2021-11-09 20:51:39.416,write _SPaT (1902)
2021-11-09 20:51:39.645,write _SPaT (1902)
2021-11-09 20:51:39.817,write _SPaT (1902)
2021-11-09 20:51:40.057,write _MAP (28563)
2021-11-09 20:51:40.057,write _SPaT (1902)
2021-11-09 20:51:40.193,write _RTCM (991)
2021-11-09 20:51:40.273,write _SPaT (1902)
2021-11-09 20:51:40.461,write _SPaT (1902)
2021-11-09 20:51:40.636,write _SPaT (1902)
2021-11-09 20:51:40.824,write _SPaT (1902)
2021-11-09 20:51:41.044,write _MAP (28563)
2021-11-09 20:51:41.052,write _SPaT (1902)
2021-11-09 20:51:41.335,write _RTCM (1051)
2021-11-09 20:51:41.335,write _SPaT (1902)
2021-11-09 20:51:41.436,write _SPaT (1902)
2021-11-09 20:51:41.662,write _SPaT (1902)
2021-11-09 20:51:41.839,write _SPaT (1902)
2021-11-09 20:51:41.996,write _MAP (28563)
2021-11-09 20:51:42.052,write _SPaT (1902)
2021-11-09 20:51:42.195,write _RTCM (991)
2021-11-09 20:51:42.478,write _SPaT (1902)
2021-11-09 20:51:42.572,write _SPaT (1900)
2021-11-09 20:51:42.786,write _SPaT (1900)
2021-11-09 20:51:42.851,write _SPaT (1900)
2021-11-09 20:51:43.258,write _MAP (28563)
2021-11-09 20:51:43.258,write _SPaT (1900)
2021-11-09 20:51:43.275,write _RTCM (991)
2021-11-09 20:51:43.277,write _SPaT (1900)
2021-11-09 20:51:43.467,write _SPaT (1900)
2021-11-09 20:51:43.661,write _SPaT (1900)
2021-11-09 20:51:43.981,write _MAP (28563)
2021-11-09 20:51:44.080,write _SPaT (1900)
2021-11-09 20:51:44.087,write _SPaT (1900)
2021-11-09 20:51:44.216,write _RTCM (991)
2021-11-09 20:51:44.306,write _SPaT (1900)
2021-11-09 20:51:44.461,write _SPaT (1900)
2021-11-09 20:51:44.690,write _SPaT (1900)
2021-11-09 20:51:44.989,write _MAP (28563)
2021-11-09 20:51:45.038,write _SPaT (1900)
2021-11-09 20:51:45.106,write _SPaT (1900)
2021-11-09 20:51:45.178,write _RTCM (241)
2021-11-09 20:51:45.578,write _SPaT (1900)
2021-11-09 20:51:45.687,write _SPaT (1900)
2021-11-09 20:51:45.707,write _RSA (577)
2021-11-09 20:51:45.815,write _SPaT (1900)
2021-11-09 20:51:45.997,write _MAP (28563)
2021-11-09 20:51:46.046,write _SPaT (1900)
2021-11-09 20:51:46.133,write _SPaT (1900)
2021-11-09 20:51:46.175,write _RTCM (1181)
2021-11-09 20:51:46.313,write _SPaT (1900)
2021-11-09 20:51:46.507,write _SPaT (1900)
2021-11-09 20:51:46.763,write _SPaT (1900)
2021-11-09 20:51:46.763,write _RSA (577)
2021-11-09 20:51:46.984,write _MAP (28563)
2021-11-09 20:51:47.064,write _SPaT (1900)
2021-11-09 20:51:47.141,write _SPaT (1900)
2021-11-09 20:51:47.186,write _RTCM (991)
2021-11-09 20:51:47.370,write _SPaT (1900)
2021-11-09 20:51:47.506,write _SPaT (1900)
2021-11-09 20:51:47.692,write _RSA (577)
2021-11-09 20:51:47.720,write _SPaT (1900)
2021-11-09 20:51:48.055,write _MAP (28563)
2021-11-09 20:51:48.055,write _SPaT (1900)
2021-11-09 20:51:48.147,write _SPaT (1900)
2021-11-09 20:51:48.334,write _SPaT (1900)
2021-11-09 20:51:48.463,write _RTCM (991)
2021-11-09 20:51:48.517,write _SPaT (1899)
2021-11-09 20:51:48.708,write _RSA (577)
2021-11-09 20:51:48.739,write _SPaT (1899)
2021-11-09 20:51:48.991,write _MAP (28563)
2021-11-09 20:51:49.038,write _SPaT (1899)
2021-11-09 20:51:49.138,write _SPaT (1899)
2021-11-09 20:51:49.334,write _RTCM (991)
2021-11-09 20:51:49.355,write _SPaT (1899)
2021-11-09 20:51:49.530,write _SPaT (1899)
2021-11-09 20:51:49.729,write _RSA (577)
2021-11-09 20:51:49.763,write _SPaT (1899)
2021-11-09 20:51:49.984,write _MAP (28563)
2021-11-09 20:51:50.060,write _SPaT (1899)
2021-11-09 20:51:50.182,write _RTCM (991)
2021-11-09 20:51:50.187,write _SPaT (1899)
2021-11-09 20:51:50.384,write _SPaT (1899)
2021-11-09 20:51:50.747,write _RSA (577)
2021-11-09 20:51:50.798,write _SPaT (1899)
2021-11-09 20:51:50.818,write _SPaT (1899)
2021-11-09 20:51:50.982,write _MAP (28563)
2021-11-09 20:51:51.042,write _SPaT (1899)
2021-11-09 20:51:51.365,write _RTCM (1051)
2021-11-09 20:51:51.385,write _SPaT (1899)
2021-11-09 20:51:51.575,write _SPaT (1897)
2021-11-09 20:51:51.598,write _SPaT (1897)
2021-11-09 20:51:51.722,write _RSA (577)
2021-11-09 20:51:51.793,write _SPaT (1897)
2021-11-09 20:51:52.216,write _MAP (28563)
2021-11-09 20:51:52.217,write _SPaT (1897)
2021-11-09 20:51:52.242,write _RTCM (991)
2021-11-09 20:51:52.242,write _SPaT (1897)
2021-11-09 20:51:52.543,write _SPaT (1885)
2021-11-09 20:51:52.651,write _SPaT (1885)
2021-11-09 20:51:52.788,write _SPaT (1885)
2021-11-09 20:51:52.935,write _RSA (577)
2021-11-09 20:51:53.177,write _MAP (47107)
2021-11-09 20:51:53.178,write _SPaT (2929)
2021-11-09 20:51:53.186,write _RTCM (991)
2021-11-09 20:51:53.343,write _SPaT (2929)
2021-11-09 20:51:53.694,write _SPaT (2929)
2021-11-09 20:51:53.766,write _SPaT (2929)
2021-11-09 20:51:54.136,write _SPaT (2929)
2021-11-09 20:51:54.137,write _MAP (47107)
2021-11-09 20:51:54.156,write _SPaT (2928)
2021-11-09 20:51:54.182,write _RTCM (991)
2021-11-09 20:51:54.321,write _SPaT (2928)
2021-11-09 20:51:54.551,write _SPaT (2928)
2021-11-09 20:51:54.768,write _SPaT (2928)
2021-11-09 20:51:54.958,write _SPaT (2928)
2021-11-09 20:51:55.097,write _MAP (47107)
2021-11-09 20:51:55.148,write _SPaT (2926)
2021-11-09 20:51:55.178,write _RTCM (241)
2021-11-09 20:51:55.514,write _SPaT (2926)
2021-11-09 20:51:55.606,write _SPaT (2926)
2021-11-09 20:51:55.757,write _SPaT (2926)
2021-11-09 20:51:55.932,write _SPaT (2926)
2021-11-09 20:51:56.061,write _MAP (47107)
2021-11-09 20:51:56.350,write _RTCM (1181)
2021-11-09 20:51:56.373,write _SPaT (2938)
2021-11-09 20:51:56.410,write _SPaT (2938)
2021-11-09 20:51:56.573,write _SPaT (2938)
2021-11-09 20:51:56.773,write _SPaT (2938)
2021-11-09 20:51:56.958,write _SPaT (2938)
2021-11-09 20:51:57.031,write _MAP (47107)
2021-11-09 20:51:57.179,write _RTCM (991)
2021-11-09 20:51:57.180,write _SPaT (2938)
2021-11-09 20:51:57.454,write _SPaT (2938)
2021-11-09 20:51:57.582,write _SPaT (2938)
2021-11-09 20:51:57.773,write _SPaT (2938)
2021-11-09 20:51:57.965,write _SPaT (2938)
2021-11-09 20:51:58.023,write _MAP (47107)
2021-11-09 20:51:58.185,write _RTCM (991)
2021-11-09 20:51:58.192,write _SPaT (2950)
2021-11-09 20:51:58.433,write _SPaT (2950)
2021-11-09 20:51:58.609,write _SPaT (2950)
2021-11-09 20:51:58.780,write _SPaT (2950)
2021-11-09 20:51:58.981,write _SPaT (2950)
2021-11-09 20:51:58.992,write _MAP (47107)
2021-11-09 20:51:59.181,write _RTCM (991)
2021-11-09 20:51:59.436,write _SPaT (2949)
2021-11-09 20:51:59.586,write _SPaT (2949)
2021-11-09 20:51:59.761,write _SPaT (2949)
2021-11-09 20:51:59.808,write _SPaT (2949)
2021-11-09 20:51:59.979,write _SPaT (2949)
2021-11-09 20:52:00.229,write _MAP (47107)
2021-11-09 20:52:00.230,write _SPaT (2946)
2021-11-09 20:52:00.251,write _RTCM (991)
2021-11-09 20:52:00.273,write _SPaT (2947)
2021-11-09 20:52:00.414,write _SPaT (2947)
2021-11-09 20:52:00.702,write _SPaT (2947)
2021-11-09 20:52:00.843,write _SPaT (2947)
2021-11-09 20:52:01.178,write _MAP (47107)
2021-11-09 20:52:01.185,write _SPaT (2948)
2021-11-09 20:52:01.203,write _RTCM (1051)
2021-11-09 20:52:01.264,write _SPaT (2948)
2021-11-09 20:52:01.637,write _SPaT (2948)
2021-11-09 20:52:01.694,write _SPaT (2948)
2021-11-09 20:52:01.841,write _SPaT (2948)
2021-11-09 20:52:01.990,write _MAP (47107)
2021-11-09 20:52:02.067,write _SPaT (2948)
2021-11-09 20:52:02.456,write _RTCM (991)
2021-11-09 20:52:02.512,write _SPaT (2948)
2021-11-09 20:52:02.534,write _SPaT (2948)
2021-11-09 20:52:02.677,write _SPaT (2948)
2021-11-09 20:52:02.855,write _SPaT (2948)
2021-11-09 20:52:02.993,write _MAP (47107)
2021-11-09 20:52:03.062,write _SPaT (2948)
2021-11-09 20:52:03.201,write _RTCM (991)
2021-11-09 20:52:03.289,write _SPaT (2948)
2021-11-09 20:52:03.476,write _SPaT (2948)
2021-11-09 20:52:03.648,write _SPaT (2948)
2021-11-09 20:52:03.854,write _SPaT (2948)
2021-11-09 20:52:03.985,write _MAP (47107)
2021-11-09 20:52:04.055,write _SPaT (2948)
2021-11-09 20:52:04.225,write _RTCM (991)
2021-11-09 20:52:04.323,write _SPaT (2948)
2021-11-09 20:52:04.483,write _SPaT (2948)
2021-11-09 20:52:04.693,write _SPaT (2948)
2021-11-09 20:52:04.887,write _SPaT (2948)
2021-11-09 20:52:05.018,write _MAP (47107)
2021-11-09 20:52:05.097,write _SPaT (2948)
2021-11-09 20:52:05.400,write _RTCM (241)
2021-11-09 20:52:05.441,write _SPaT (2948)
2021-11-09 20:52:05.742,write _SPaT (2948)
2021-11-09 20:52:05.771,write _SPaT (2948)
2021-11-09 20:52:05.894,write _SPaT (2948)
2021-11-09 20:52:05.987,write _MAP (47107)
2021-11-09 20:52:06.097,write _SPaT (2948)
2021-11-09 20:52:06.296,write _RTCM (1181)
2021-11-09 20:52:06.588,write _SPaT (2948)
2021-11-09 20:52:06.667,write _SPaT (2948)
2021-11-09 20:52:06.787,write _SPaT (2948)
2021-11-09 20:52:06.897,write _SPaT (2948)
2021-11-09 20:52:06.984,write _MAP (47107)
2021-11-09 20:52:07.110,write _SPaT (2948)
2021-11-09 20:52:07.199,write _RTCM (991)
2021-11-09 20:52:07.667,write _SPaT (2948)
2021-11-09 20:52:07.667,write _SPaT (2948)
2021-11-09 20:52:07.707,write _SPaT (2948)
2021-11-09 20:52:07.900,write _SPaT (2948)
2021-11-09 20:52:08.222,write _MAP (47107)
2021-11-09 20:52:08.223,write _SPaT (2947)
2021-11-09 20:52:08.242,write _RTCM (991)
2021-11-09 20:52:08.317,write _SPaT (2947)
2021-11-09 20:52:08.623,write _SPaT (2947)
2021-11-09 20:52:08.716,write _SPaT (2947)
2021-11-09 20:52:08.897,write _SPaT (2947)
2021-11-09 20:52:08.988,write _MAP (47107)
2021-11-09 20:52:09.144,write _SPaT (2950)
2021-11-09 20:52:09.186,write _RTCM (991)
2021-11-09 20:52:09.349,write _SPaT (2950)
2021-11-09 20:52:09.534,write _SPaT (2950)
2021-11-09 20:52:09.734,write _SPaT (2950)
2021-11-09 20:52:09.927,write _SPaT (2950)
2021-11-09 20:52:10.198,write _RTCM (991)
2021-11-09 20:52:11.097,write _MAP (47107)
2021-11-09 20:52:11.153,write _SPaT (2951)
2021-11-09 20:52:11.190,write _RTCM (1051)
2021-11-09 20:52:11.353,write _SPaT (2951)
2021-11-09 20:52:11.540,write _SPaT (2951)
2021-11-09 20:52:11.741,write _SPaT (2951)
2021-11-09 20:52:11.922,write _SPaT (2951)
2021-11-09 20:52:12.065,write _MAP (47107)
2021-11-09 20:52:12.202,write _RTCM (991)
2021-11-09 20:52:12.202,write _SPaT (2951)
2021-11-09 20:52:12.395,write _SPaT (2951)
2021-11-09 20:52:12.623,write _SPaT (2951)
2021-11-09 20:52:12.755,write _SPaT (2951)
2021-11-09 20:52:12.941,write _SPaT (2951)
2021-11-09 20:52:13.019,write _MAP (47107)
2021-11-09 20:52:13.214,write _RTCM (991)
2021-11-09 20:52:13.214,write _SPaT (2949)
2021-11-09 20:52:13.486,write _SPaT (2949)
2021-11-09 20:52:13.678,write _SPaT (2949)
2021-11-09 20:52:13.760,write _SPaT (2949)
2021-11-09 20:52:13.955,write _SPaT (2949)
2021-11-09 20:52:13.987,write _MAP (47107)
2021-11-09 20:52:14.617,write _RTCM (991)
2021-11-09 20:52:14.618,write _SPaT (2949)
2021-11-09 20:52:14.619,write _SPaT (2949)
2021-11-09 20:52:14.638,write _SPaT (2949)
2021-11-09 20:52:14.752,write _SPaT (2949)
2021-11-09 20:52:14.957,write _SPaT (2949)
2021-11-09 20:52:15.259,write _MAP (47107)
2021-11-09 20:52:15.276,write _RTCM (241)
2021-11-09 20:52:15.276,write _SPaT (2949)
2021-11-09 20:52:15.541,write _SPaT (2949)
2021-11-09 20:52:15.686,write _SPaT (2949)
2021-11-09 20:52:15.758,write _SPaT (2949)
2021-11-09 20:52:15.956,write _SPaT (2949)
2021-11-09 20:52:16.220,write _MAP (47107)
2021-11-09 20:52:16.238,write _RTCM (1181)
2021-11-09 20:52:16.238,write _SPaT (2949)
2021-11-09 20:52:16.365,write _SPaT (2949)
2021-11-09 20:52:16.679,write _SPaT (2949)
2021-11-09 20:52:16.766,write _SPaT (2949)
2021-11-09 20:52:16.957,write _SPaT (2949)
2021-11-09 20:52:17.179,write _MAP (47107)
2021-11-09 20:52:17.199,write _RTCM (991)
2021-11-09 20:52:17.199,write _SPaT (2949)
2021-11-09 20:52:17.564,write _SPaT (2949)
2021-11-09 20:52:17.652,write _SPaT (2949)
2021-11-09 20:52:17.760,write _SPaT (2949)
2021-11-09 20:52:17.956,write _SPaT (2949)
2021-11-09 20:52:18.140,write _MAP (47107)
2021-11-09 20:52:18.186,write _RTCM (991)
2021-11-09 20:52:18.332,write _SPaT (2946)
2021-11-09 20:52:18.357,write _SPaT (2946)
2021-11-09 20:52:18.616,write _SPaT (2946)
2021-11-09 20:52:18.767,write _SPaT (2946)
2021-11-09 20:52:18.963,write _SPaT (2946)
2021-11-09 20:52:19.099,write _MAP (47107)
2021-11-09 20:52:19.192,write _RTCM (991)
2021-11-09 20:52:19.221,write _SPaT (2946)
2021-11-09 20:52:19.395,write _SPaT (2946)
2021-11-09 20:52:19.700,write _SPaT (2946)
2021-11-09 20:52:19.818,write _SPaT (2946)
2021-11-09 20:52:20.061,write _MAP (47107)
2021-11-09 20:52:20.061,write _SPaT (2946)
2021-11-09 20:52:20.420,write _RTCM (991)
2021-11-09 20:52:20.438,write _SPaT (2946)
2021-11-09 20:52:20.462,write _SPaT (2946)
2021-11-09 20:52:20.641,write _SPaT (2946)
2021-11-09 20:52:20.824,write _SPaT (2946)
2021-11-09 20:52:20.993,write _MAP (47107)
2021-11-09 20:52:21.002,write _SPaT (2946)
2021-11-09 20:52:21.180,write _RTCM (1051)
2021-11-09 20:52:21.214,write _SPaT (2946)
2021-11-09 20:52:21.408,write _SPaT (2946)
2021-11-09 20:52:21.645,write _SPaT (2946)
2021-11-09 20:52:21.812,write _SPaT (2946)
2021-11-09 20:52:21.989,write _MAP (47107)
2021-11-09 20:52:22.014,write _SPaT (2946)
2021-11-09 20:52:22.195,write _RTCM (991)
2021-11-09 20:52:22.445,write _SPaT (2944)
2021-11-09 20:52:22.539,write _SPaT (2944)
2021-11-09 20:52:22.634,write _SPaT (2944)
2021-11-09 20:52:22.817,write _SPaT (2944)
2021-11-09 20:52:23.263,write _MAP (47107)
2021-11-09 20:52:23.263,write _SPaT (2944)
2021-11-09 20:52:23.279,write _RTCM (991)
2021-11-09 20:52:23.280,write _SPaT (2928)
2021-11-09 20:52:23.410,write _SPaT (2928)
2021-11-09 20:52:23.671,write _SPaT (2928)
2021-11-09 20:52:23.825,write _SPaT (2928)
2021-11-09 20:52:24.219,write _MAP (47107)
2021-11-09 20:52:24.219,write _SPaT (2928)
2021-11-09 20:52:24.290,write _SPaT (2928)
2021-11-09 20:52:24.450,write _RTCM (991)
2021-11-09 20:52:24.450,write _SPaT (2928)
2021-11-09 20:52:24.771,write _SPaT (2928)
2021-11-09 20:52:24.841,write _SPaT (2928)
2021-11-09 20:52:24.988,write _MAP (47107)
2021-11-09 20:52:25.085,write _SPaT (2928)
2021-11-09 20:52:25.172,write _RTCM (241)
2021-11-09 20:52:25.437,write _SPaT (2928)
2021-11-09 20:52:25.534,write _SPaT (2928)
2021-11-09 20:52:25.744,write _SPaT (2928)
2021-11-09 20:52:25.849,write _SPaT (2928)
2021-11-09 20:52:26.145,write _MAP (58933)
2021-11-09 20:52:26.145,write _SPaT (3977)
2021-11-09 20:52:26.158,write _SPaT (3977)
2021-11-09 20:52:26.188,write _RTCM (1181)
2021-11-09 20:52:26.323,write _SPaT (3977)
2021-11-09 20:52:26.532,write _SPaT (3977)
2021-11-09 20:52:26.794,write _SPaT (3977)
2021-11-09 20:52:27.103,write _MAP (58933)
2021-11-09 20:52:27.103,write _SPaT (3977)
2021-11-09 20:52:27.162,write _SPaT (3977)
2021-11-09 20:52:27.193,write _RTCM (991)
2021-11-09 20:52:27.375,write _SPaT (3977)
2021-11-09 20:52:27.539,write _SPaT (3977)
2021-11-09 20:52:27.767,write _SPaT (3977)
2021-11-09 20:52:28.062,write _MAP (58933)
2021-11-09 20:52:28.063,write _SPaT (3977)
2021-11-09 20:52:28.168,write _SPaT (3977)
2021-11-09 20:52:28.206,write _RTCM (991)
2021-11-09 20:52:28.372,write _SPaT (3977)
2021-11-09 20:52:28.584,write _SPaT (3977)
2021-11-09 20:52:28.946,write _SPaT (3977)
2021-11-09 20:52:29.001,write _MAP (58933)
2021-11-09 20:52:29.338,write _SPaT (3977)
2021-11-09 20:52:29.340,write _SPaT (3977)
2021-11-09 20:52:29.340,write _RTCM (991)
2021-11-09 20:52:29.363,write _SPaT (3977)
2021-11-09 20:52:29.584,write _SPaT (3977)
2021-11-09 20:52:29.751,write _SPaT (3977)
2021-11-09 20:52:29.991,write _MAP (58933)
2021-11-09 20:52:30.043,write _SPaT (3975)
2021-11-09 20:52:30.175,write _RTCM (991)
2021-11-09 20:52:30.298,write _SPaT (3975)
2021-11-09 20:52:30.392,write _SPaT (3975)
2021-11-09 20:52:30.656,write _SPaT (3975)
2021-11-09 20:52:30.781,write _SPaT (3959)
2021-11-09 20:52:31.260,write _MAP (58933)
2021-11-09 20:52:31.260,write _SPaT (3959)
2021-11-09 20:52:31.282,write _RTCM (1051)
2021-11-09 20:52:31.282,write _SPaT (3959)
2021-11-09 20:52:31.456,write _SPaT (3959)
2021-11-09 20:52:31.655,write _SPaT (3959)
2021-11-09 20:52:31.799,write _SPaT (3959)
2021-11-09 20:52:32.222,write _MAP (58933)
2021-11-09 20:52:32.222,write _SPaT (3959)
2021-11-09 20:52:32.242,write _RTCM (991)
2021-11-09 20:52:32.243,write _SPaT (3959)
2021-11-09 20:52:32.413,write _SPaT (3959)
2021-11-09 20:52:32.653,write _SPaT (3959)
2021-11-09 20:52:32.805,write _SPaT (3959)
2021-11-09 20:52:32.991,write _MAP (58933)
2021-11-09 20:52:33.048,write _SPaT (3959)
2021-11-09 20:52:33.194,write _RTCM (991)
2021-11-09 20:52:33.235,write _SPaT (3959)
2021-11-09 20:52:33.591,write _SPaT (3959)
2021-11-09 20:52:33.673,write _SPaT (3959)
2021-11-09 20:52:33.811,write _SPaT (3958)
2021-11-09 20:52:34.144,write _MAP (58933)
2021-11-09 20:52:34.145,write _SPaT (3958)
2021-11-09 20:52:34.169,write _RTCM (991)
2021-11-09 20:52:34.255,write _SPaT (3958)
2021-11-09 20:52:34.407,write _SPaT (3958)
2021-11-09 20:52:34.697,write _SPaT (3958)
2021-11-09 20:52:34.819,write _SPaT (3953)
2021-11-09 20:52:35.107,write _MAP (58933)
2021-11-09 20:52:35.120,write _SPaT (3953)
2021-11-09 20:52:35.178,write _RTCM (241)
2021-11-09 20:52:35.270,write _SPaT (3953)
2021-11-09 20:52:35.457,write _SPaT (3953)
2021-11-09 20:52:35.658,write _SPaT (3953)
2021-11-09 20:52:35.888,write _SPaT (3992)
2021-11-09 20:52:35.995,write _MAP (58933)
2021-11-09 20:52:36.059,write _SPaT (3992)
2021-11-09 20:52:36.180,write _RTCM (1181)
2021-11-09 20:52:36.306,write _SPaT (3992)
2021-11-09 20:52:36.469,write _SPaT (3992)
2021-11-09 20:52:36.680,write _SPaT (3992)
2021-11-09 20:52:36.847,write _SPaT (3991)
2021-11-09 20:52:36.989,write _MAP (58933)
2021-11-09 20:52:37.060,write _SPaT (3991)
2021-11-09 20:52:37.183,write _RTCM (991)
2021-11-09 20:52:37.557,write _SPaT (3991)
2021-11-09 20:52:37.565,write _SPaT (3991)
2021-11-09 20:52:37.705,write _SPaT (3991)
2021-11-09 20:52:37.844,write _SPaT (3991)
2021-11-09 20:52:38.035,write _MAP (58933)
2021-11-09 20:52:38.074,write _SPaT (3991)
2021-11-09 20:52:38.207,write _RTCM (991)
2021-11-09 20:52:38.297,write _SPaT (3991)
2021-11-09 20:52:38.485,write _SPaT (3991)
2021-11-09 20:52:38.693,write _SPaT (3991)
2021-11-09 20:52:38.874,write _SPaT (3991)
2021-11-09 20:52:39.271,write _MAP (58933)
2021-11-09 20:52:39.271,write _SPaT (3991)
2021-11-09 20:52:39.271,write _RTCM (991)
2021-11-09 20:52:39.353,write _SPaT (3991)
2021-11-09 20:52:39.479,write _SPaT (3991)
2021-11-09 20:52:39.918,write _SPaT (3991)
2021-11-09 20:52:39.933,write _SPaT (3991)
2021-11-09 20:52:40.224,write _MAP (58933)
2021-11-09 20:52:40.225,write _SPaT (3991)
2021-11-09 20:52:40.225,write _RTCM (991)
2021-11-09 20:52:40.385,write _SPaT (3991)
2021-11-09 20:52:40.516,write _SPaT (3991)
2021-11-09 20:52:40.686,write _SPaT (3991)
2021-11-09 20:52:40.895,write _SPaT (3991)
2021-11-09 20:52:41.179,write _MAP (58933)
2021-11-09 20:52:41.179,write _SPaT (3991)
2021-11-09 20:52:41.189,write _RTCM (1051)
2021-11-09 20:52:41.588,write _SPaT (3991)
2021-11-09 20:52:41.613,write _SPaT (3991)
2021-11-09 20:52:41.708,write _SPaT (3991)
2021-11-09 20:52:41.989,write _MAP (58933)
2021-11-09 20:52:42.138,write _SPaT (3991)
2021-11-09 20:52:42.138,write _SPaT (3991)
2021-11-09 20:52:42.184,write _RTCM (991)
2021-11-09 20:52:42.239,write _RSA (795)
2021-11-09 20:52:42.321,write _SPaT (3991)
2021-11-09 20:52:42.534,write _SPaT (3991)
2021-11-09 20:52:42.730,write _SPaT (3991)
2021-11-09 20:52:42.990,write _MAP (58933)
2021-11-09 20:52:43.053,write _SPaT (3991)
2021-11-09 20:52:43.123,write _SPaT (3991)
2021-11-09 20:52:43.178,write _RTCM (991)
2021-11-09 20:52:43.258,write _RSA (795)
2021-11-09 20:52:43.293,write _RSA (795)
2021-11-09 20:52:43.324,write _SPaT (3991)
2021-11-09 20:52:43.503,write _SPaT (3991)
2021-11-09 20:52:43.618,write _RSA (784)
2021-11-09 20:52:43.713,write _SPaT (3991)
2021-11-09 20:52:44.064,write _MAP (58933)
2021-11-09 20:52:44.064,write _SPaT (3991)
2021-11-09 20:52:44.129,write _SPaT (3991)
2021-11-09 20:52:44.203,write _RTCM (991)
2021-11-09 20:52:44.242,write _RSA (795)
2021-11-09 20:52:44.268,write _RSA (795)
2021-11-09 20:52:44.334,write _SPaT (3991)
2021-11-09 20:52:44.511,write _SPaT (3991)
2021-11-09 20:52:44.657,write _RSA (784)
2021-11-09 20:52:44.658,write _RSA (784)
2021-11-09 20:52:44.730,write _SPaT (3991)
2021-11-09 20:52:45.023,write _MAP (58933)
2021-11-09 20:52:45.041,write _SPaT (3991)
2021-11-09 20:52:45.213,write _RSA (795)
2021-11-09 20:52:45.246,write _RSA (795)
2021-11-09 20:52:45.258,write _RSA (795)
2021-11-09 20:52:45.404,write _RTCM (241)
2021-11-09 20:52:45.450,write _SPaT (3991)
2021-11-09 20:52:45.487,write _SPaT (3991)
2021-11-09 20:52:45.543,write _SPaT (3991)
2021-11-09 20:52:45.738,write _SPaT (3991)
2021-11-09 20:52:45.799,write _RSA (784)
2021-11-09 20:52:45.799,write _RSA (784)
2021-11-09 20:52:45.989,write _MAP (58933)
2021-11-09 20:52:46.058,write _SPaT (3990)
2021-11-09 20:52:46.158,write _SPaT (3990)
2021-11-09 20:52:46.380,write _RTCM (1181)
2021-11-09 20:52:46.380,write _RSA (795)
2021-11-09 20:52:46.619,write _RSA (795)
2021-11-09 20:52:46.619,write _RSA (795)
2021-11-09 20:52:46.619,write _SPaT (3990)
2021-11-09 20:52:46.634,write _SPaT (3990)
2021-11-09 20:52:46.684,write _RSA (784)
2021-11-09 20:52:46.692,write _RSA (784)
2021-11-09 20:52:46.950,write _SPaT (3990)
2021-11-09 20:52:47.010,write _MAP (58933)
2021-11-09 20:52:47.063,write _SPaT (3993)
2021-11-09 20:52:47.184,write _RTCM (991)
2021-11-09 20:52:47.225,write _RSA (796)
2021-11-09 20:52:47.261,write _RSA (796)
2021-11-09 20:52:47.261,write _RSA (796)
2021-11-09 20:52:47.261,write _RSA (796)
2021-11-09 20:52:47.440,write _SPaT (3993)
2021-11-09 20:52:47.471,write _SPaT (3993)
2021-11-09 20:52:47.588,write _SPaT (3993)
2021-11-09 20:52:47.623,write _RSA (784)
2021-11-09 20:52:47.647,write _RSA (782)
2021-11-09 20:52:47.757,write _SPaT (3993)
2021-11-09 20:52:48.224,write _MAP (58933)
2021-11-09 20:52:48.224,write _SPaT (3993)
2021-11-09 20:52:48.244,write _RTCM (992)
2021-11-09 20:52:48.244,write _SPaT (3993)
2021-11-09 20:52:48.251,write _RSA (794)
2021-11-09 20:52:48.384,write _SPaT (3993)
2021-11-09 20:52:48.497,write _RSA (794)
2021-11-09 20:52:48.538,write _RSA (794)
2021-11-09 20:52:48.539,write _RSA (794)
2021-11-09 20:52:48.639,write _RSA (782)
2021-11-09 20:52:48.653,write _RSA (782)
2021-11-09 20:52:48.653,write _RSA (782)
2021-11-09 20:52:48.745,write _SPaT (3993)
2021-11-09 20:52:48.786,write _SPaT (3993)
2021-11-09 20:52:49.187,write _MAP (58933)
2021-11-09 20:52:49.187,write _SPaT (3993)
2021-11-09 20:52:49.193,write _RTCM (992)
2021-11-09 20:52:49.202,write _SPaT (3993)
2021-11-09 20:52:49.445,write _SPaT (3993)
2021-11-09 20:52:49.482,write _RSA (794)
2021-11-09 20:52:49.482,write _RSA (794)
2021-11-09 20:52:49.483,write _RSA (795)
2021-11-09 20:52:49.483,write _RSA (795)
2021-11-09 20:52:49.719,write _RSA (783)
2021-11-09 20:52:49.719,write _RSA (783)
2021-11-09 20:52:49.727,write _SPaT (3993)
2021-11-09 20:52:49.805,write _SPaT (3993)
2021-11-09 20:52:50.144,write _MAP (58933)
2021-11-09 20:52:50.144,write _SPaT (3993)
2021-11-09 20:52:50.191,write _RTCM (992)
2021-11-09 20:52:50.220,write _SPaT (3993)
2021-11-09 20:52:50.259,write _RSA (795)
2021-11-09 20:52:50.414,write _SPaT (3993)
2021-11-09 20:52:50.521,write _RSA (795)
2021-11-09 20:52:50.521,write _RSA (795)
2021-11-09 20:52:50.522,write _RSA (795)
2021-11-09 20:52:50.662,write _RSA (783)
2021-11-09 20:52:50.679,write _SPaT (3993)
2021-11-09 20:52:50.698,write _RSA (783)
2021-11-09 20:52:50.779,write _RSA (783)
2021-11-09 20:52:50.780,write _RSA (783)
2021-11-09 20:52:50.800,write _SPaT (3993)
2021-11-09 20:52:51.104,write _MAP (58933)
2021-11-09 20:52:51.104,write _SPaT (3993)
2021-11-09 20:52:51.188,write _RTCM (1052)
2021-11-09 20:52:51.250,write _RSA (795)
2021-11-09 20:52:51.304,write _SPaT (3993)
2021-11-09 20:52:51.304,write _RSA (795)
2021-11-09 20:52:51.305,write _RSA (795)
2021-11-09 20:52:51.305,write _RSA (795)
2021-11-09 20:52:51.421,write _SPaT (3993)
2021-11-09 20:52:51.694,write _RSA (783)
2021-11-09 20:52:51.701,write _RSA (783)
2021-11-09 20:52:51.701,write _RSA (783)
2021-11-09 20:52:51.747,write _SPaT (3993)
2021-11-09 20:52:52.068,write _SPaT (3993)
2021-11-09 20:52:52.074,write _MAP (58933)
2021-11-09 20:52:52.089,write _SPaT (3993)
2021-11-09 20:52:52.191,write _RTCM (992)
2021-11-09 20:52:52.512,write _RSA (795)
2021-11-09 20:52:52.513,write _RSA (795)
2021-11-09 20:52:52.513,write _RSA (795)
2021-11-09 20:52:52.513,write _RSA (795)
2021-11-09 20:52:52.514,write _RSA (795)
2021-11-09 20:52:52.571,write _SPaT (3993)
2021-11-09 20:52:52.717,write _SPaT (3993)
2021-11-09 20:52:52.734,write _RSA (783)
2021-11-09 20:52:52.734,write _RSA (783)
2021-11-09 20:52:52.734,write _RSA (783)
2021-11-09 20:52:52.735,write _RSA (783)
2021-11-09 20:52:53.018,write _SPaT (3993)
2021-11-09 20:52:53.018,write _SPaT (3992)
2021-11-09 20:52:53.040,write _MAP (58933)
2021-11-09 20:52:53.060,write _SPaT (3992)
2021-11-09 20:52:53.175,write _RTCM (992)
2021-11-09 20:52:53.276,write _RSA (795)
2021-11-09 20:52:53.281,write _SPaT (3992)
2021-11-09 20:52:53.298,write _RSA (795)
2021-11-09 20:52:53.308,write _RSA (795)
2021-11-09 20:52:53.308,write _RSA (795)
2021-11-09 20:52:53.308,write _RSA (795)
2021-11-09 20:52:53.432,write _SPaT (3992)
2021-11-09 20:52:53.619,write _RSA (783)
2021-11-09 20:52:53.647,write _SPaT (3992)
2021-11-09 20:52:53.697,write _RSA (783)
2021-11-09 20:52:53.979,write _RSA (783)
2021-11-09 20:52:53.979,write _SPaT (3992)
2021-11-09 20:52:54.003,write _MAP (58933)
2021-11-09 20:52:54.071,write _SPaT (3992)
2021-11-09 20:52:54.177,write _RTCM (992)
2021-11-09 20:52:54.271,write _RSA (795)
2021-11-09 20:52:54.298,write _SPaT (3992)
2021-11-09 20:52:54.300,write _RSA (590)
2021-11-09 20:52:54.301,write _RSA (795)
2021-11-09 20:52:54.301,write _RSA (795)
2021-11-09 20:52:54.445,write _SPaT (3992)
2021-11-09 20:52:54.609,write _RSA (783)
2021-11-09 20:52:54.631,write _SPaT (3992)
2021-11-09 20:52:54.672,write _RSA (783)
2021-11-09 20:52:54.673,write _RSA (783)
2021-11-09 20:52:54.851,write _SPaT (3992)
2021-11-09 20:52:55.264,write _MAP (58933)
2021-11-09 20:52:55.265,write _SPaT (3992)
2021-11-09 20:52:55.283,write _SPaT (3992)
2021-11-09 20:52:55.442,write _RTCM (242)
2021-11-09 20:52:55.442,write _RSA (795)
2021-11-09 20:52:55.442,write _RSA (795)
2021-11-09 20:52:55.443,write _RSA (795)
2021-11-09 20:52:55.458,write _SPaT (3992)
2021-11-09 20:52:55.680,write _SPaT (3992)
2021-11-09 20:52:55.702,write _RSA (783)
2021-11-09 20:52:55.710,write _RSA (783)
2021-11-09 20:52:55.899,write _RSA (783)
2021-11-09 20:52:55.899,write _SPaT (3992)
2021-11-09 20:52:55.995,write _MAP (58933)
2021-11-09 20:52:56.072,write _SPaT (3992)
2021-11-09 20:52:56.236,write _RTCM (1182)
2021-11-09 20:52:56.295,write _RSA (795)
2021-11-09 20:52:56.308,write _SPaT (3992)
2021-11-09 20:52:56.352,write _RSA (590)
2021-11-09 20:52:56.365,write _RSA (795)
2021-11-09 20:52:56.365,write _RSA (795)
2021-11-09 20:52:56.479,write _SPaT (3992)
2021-11-09 20:52:56.606,write _RSA (783)
2021-11-09 20:52:56.681,write _SPaT (3992)
2021-11-09 20:52:56.873,write _SPaT (3992)
2021-11-09 20:52:57.184,write _MAP (58933)
2021-11-09 20:52:57.184,write _SPaT (3992)
2021-11-09 20:52:57.190,write _RTCM (992)
2021-11-09 20:52:57.267,write _RSA (795)
2021-11-09 20:52:57.289,write _RSA (795)
2021-11-09 20:52:57.566,write _SPaT (3992)
2021-11-09 20:52:57.605,write _SPaT (3992)
2021-11-09 20:52:57.693,write _SPaT (3992)
2021-11-09 20:52:57.882,write _SPaT (3992)
2021-11-09 20:52:58.144,write _MAP (58933)
2021-11-09 20:52:58.145,write _SPaT (3992)
2021-11-09 20:52:58.183,write _RTCM (992)
2021-11-09 20:52:58.370,write _RSA (795)
2021-11-09 20:52:58.511,write _SPaT (3992)
2021-11-09 20:52:58.610,write _SPaT (3992)
2021-11-09 20:52:58.632,write _RSA (783)
2021-11-09 20:52:58.779,write _SPaT (3992)
2021-11-09 20:52:58.888,write _SPaT (3992)
2021-11-09 20:52:58.990,write _MAP (35782)
2021-11-09 20:52:59.051,write _SPaT (1896)
2021-11-09 20:52:59.120,write _SPaT (1896)
2021-11-09 20:52:59.185,write _RTCM (992)
2021-11-09 20:52:59.343,write _SPaT (1896)
2021-11-09 20:52:59.501,write _SPaT (1896)
2021-11-09 20:52:59.740,write _SPaT (1896)
2021-11-09 20:53:00.062,write _MAP (35782)
2021-11-09 20:53:00.063,write _SPaT (1896)
2021-11-09 20:53:00.063,write _SPaT (1892)
2021-11-09 20:53:00.382,write _RTCM (992)
2021-11-09 20:53:00.400,write _SPaT (1894)
2021-11-09 20:53:00.707,write _SPaT (1894)
2021-11-09 20:53:00.707,write _SPaT (1894)
2021-11-09 20:53:00.821,write _SPaT (1894)
2021-11-09 20:53:01.022,write _MAP (35782)
2021-11-09 20:53:01.061,write _SPaT (1895)
2021-11-09 20:53:01.189,write _RTCM (1052)
2021-11-09 20:53:01.230,write _SPaT (1895)
2021-11-09 20:53:01.428,write _SPaT (1895)
2021-11-09 20:53:01.618,write _SPaT (1895)
2021-11-09 20:53:01.811,write _SPaT (1895)
2021-11-09 20:53:01.988,write _MAP (35782)
2021-11-09 20:53:02.053,write _SPaT (1895)
2021-11-09 20:53:02.298,write _RTCM (992)
2021-11-09 20:53:02.514,write _SPaT (1895)
2021-11-09 20:53:02.618,write _SPaT (1895)
2021-11-09 20:53:02.714,write _SPaT (1895)
2021-11-09 20:53:02.824,write _SPaT (1895)
2021-11-09 20:53:02.987,write _MAP (35782)
2021-11-09 20:53:03.048,write _SPaT (1895)
2021-11-09 20:53:03.184,write _RTCM (992)
2021-11-09 20:53:03.458,write _SPaT (1895)
2021-11-09 20:53:03.479,write _SPaT (1895)
2021-11-09 20:53:03.668,write _SPaT (1895)
2021-11-09 20:53:03.832,write _SPaT (1895)
2021-11-09 20:53:04.221,write _MAP (35782)
2021-11-09 20:53:04.221,write _SPaT (1895)
2021-11-09 20:53:04.244,write _RTCM (992)
2021-11-09 20:53:04.280,write _SPaT (1895)
2021-11-09 20:53:04.464,write _SPaT (1895)
2021-11-09 20:53:04.663,write _SPaT (1895)
2021-11-09 20:53:04.869,write _SPaT (1895)
2021-11-09 20:53:04.988,write _MAP (35782)
2021-11-09 20:53:05.063,write _SPaT (1895)
2021-11-09 20:53:05.432,write _RTCM (242)
2021-11-09 20:53:05.478,write _SPaT (1895)
2021-11-09 20:53:05.525,write _SPaT (1895)
2021-11-09 20:53:05.747,write _SPaT (1895)
2021-11-09 20:53:05.878,write _SPaT (1895)
2021-11-09 20:53:05.992,write _MAP (35782)
2021-11-09 20:53:06.091,write _SPaT (1895)
2021-11-09 20:53:06.460,write _RTCM (1182)
2021-11-09 20:53:06.460,write _SPaT (1895)
2021-11-09 20:53:06.487,write _SPaT (1895)
2021-11-09 20:53:06.681,write _SPaT (1895)
2021-11-09 20:53:06.883,write _SPaT (1895)
2021-11-09 20:53:06.984,write _MAP (35782)
2021-11-09 20:53:07.080,write _SPaT (1895)
2021-11-09 20:53:07.185,write _RTCM (992)
2021-11-09 20:53:07.301,write _SPaT (1895)
2021-11-09 20:53:07.485,write _SPaT (1895)
2021-11-09 20:53:07.685,write _SPaT (1895)
2021-11-09 20:53:07.884,write _SPaT (1895)
2021-11-09 20:53:08.063,write _MAP (35782)
2021-11-09 20:53:08.110,write _SPaT (1895)
2021-11-09 20:53:08.186,write _RTCM (992)
2021-11-09 20:53:08.350,write _SPaT (1895)
2021-11-09 20:53:08.482,write _SPaT (1895)
2021-11-09 20:53:08.680,write _SPaT (1895)
2021-11-09 20:53:08.896,write _SPaT (1895)
2021-11-09 20:53:09.030,write _MAP (35782)
2021-11-09 20:53:09.100,write _SPaT (1895)
2021-11-09 20:53:09.394,write _RTCM (992)
2021-11-09 20:53:09.432,write _SPaT (1895)
2021-11-09 20:53:09.523,write _SPaT (1895)
2021-11-09 20:53:09.745,write _SPaT (1895)
2021-11-09 20:53:09.992,write _MAP (35782)
2021-11-09 20:53:10.068,write _SPaT (1895)
2021-11-09 20:53:10.143,write _SPaT (1896)
2021-11-09 20:53:10.298,write _RTCM (992)
2021-11-09 20:53:10.374,write _SPaT (1896)
2021-11-09 20:53:10.537,write _SPaT (1896)
2021-11-09 20:53:10.733,write _SPaT (1896)
2021-11-09 20:53:10.993,write _MAP (35782)
2021-11-09 20:53:11.066,write _SPaT (1896)
2021-11-09 20:53:11.155,write _SPaT (1896)
2021-11-09 20:53:11.182,write _RTCM (1052)
2021-11-09 20:53:11.342,write _SPaT (1896)
2021-11-09 20:53:11.550,write _SPaT (1896)
2021-11-09 20:53:11.733,write _SPaT (1896)
2021-11-09 20:53:12.219,write _RTCM (992)
2021-11-09 20:53:13.182,write _RTCM (992)
2021-11-09 20:53:14.187,write _RTCM (992)
2021-11-09 20:53:15.410,write _RTCM (242)
2021-11-09 20:53:16.386,write _RTCM (1180)
