2021-10-15 21:36:02.981,read _RTCM
2021-10-15 21:36:15.970,read _RTCM
2021-10-15 21:36:16.962,read _RTCM
2021-10-15 21:36:17.972,read _RTCM
2021-10-15 21:36:18.966,read _RTCM
2021-10-15 21:44:58.708,read _RTCM
2021-10-15 21:44:59.685,read _RTCM
2021-10-15 21:45:00.694,read _RTCM
2021-10-15 21:45:01.706,read _RTCM
2021-10-15 21:45:02.703,read _RTCM
2021-10-15 21:45:03.690,read _RTCM
2021-10-15 21:45:04.689,read _RTCM
2021-10-15 21:45:05.699,read _RTCM
2021-10-15 21:45:06.699,read _RTCM
2021-10-15 21:45:07.741,read _RTCM
2021-10-15 21:45:08.688,read _RTCM
2021-10-15 21:45:09.679,read _RTCM
2021-10-15 21:45:10.721,read _RTCM
2021-10-15 21:45:11.693,read _RTCM
2021-10-15 21:45:12.692,read _RTCM
2021-10-15 21:45:13.447,read _MAP(ITST ID:3608)
2021-10-15 21:45:13.448,read _SPaT(ITST ID:3608 World Cup Park 2 Complex) 70
2021-10-15 21:45:13.449,read _SPaT(ITST ID:3608 World Cup Park 2 Complex) 70
2021-10-15 21:45:13.451,read _SPaT(ITST ID:3608 World Cup Park 2 Complex) 70
2021-10-15 21:45:13.564,read _SPaT(ITST ID:3608 World Cup Park 2 Complex) 70
2021-10-15 21:45:13.694,read _RTCM
2021-10-15 21:45:13.850,read _SPaT(ITST ID:3608 World Cup Park 2 Complex) 70
2021-10-15 21:45:14.338,read _MAP(ITST ID:3600)
2021-10-15 21:45:14.340,read _SPaT(ITST ID:3600 Digital Media City) 70
2021-10-15 21:45:14.353,read _SPaT(ITST ID:3600 Digital Media City) 70
2021-10-15 21:45:14.493,read _SPaT(ITST ID:3600 Digital Media City) 70
2021-10-15 21:45:14.676,read _RTCM
2021-10-15 21:45:14.700,read _SPaT(ITST ID:3600 Digital Media City) 70
2021-10-15 21:45:14.815,read _RSA(FID:5A FF )
2021-10-15 21:45:14.840,read _RSA(FID:5A FF )
2021-10-15 21:45:14.840,read _RSA(FID:5A FF )
2021-10-15 21:45:15.002,read _RSA(FID:5A FF )
2021-10-15 21:45:15.002,read _RSA(FID:5A FF )
2021-10-15 21:45:15.002,read _SPaT(ITST ID:3600 Digital Media City) 70
2021-10-15 21:45:15.003,read _TIM(FID:01 FF )
2021-10-15 21:45:15.004,read _RSA(FID:5A FF )
2021-10-15 21:45:15.057,read _SPaT(ITST ID:3600 Digital Media City) 70
2021-10-15 21:45:15.349,read _SPaT(ITST ID:3600 Digital Media City) 70
2021-10-15 21:45:15.463,read _SPaT(ITST ID:3600 Digital Media City) 70
2021-10-15 21:45:15.603,read _RSA(FID:05 FF )
2021-10-15 21:45:15.629,read _SPaT(ITST ID:3600 Digital Media City) 70
2021-10-15 21:45:15.692,read _RTCM
2021-10-15 21:45:15.717,read _RSA(FID:05 FF )
2021-10-15 21:45:15.722,read _RSA(FID:05 FF )
2021-10-15 21:45:15.826,read _RSA(FID:5A FF )
2021-10-15 21:45:15.856,read _TIM(FID:01 FF )
2021-10-15 21:45:15.889,read _RSA(FID:5A FF )
2021-10-15 21:45:15.889,read _RSA(FID:5A FF )
2021-10-15 21:45:15.889,read _RSA(FID:5A FF )
2021-10-15 21:45:15.889,read _RSA(FID:5A FF )
2021-10-15 21:45:15.909,read _RSA(FID:5A FF )
2021-10-15 21:45:15.938,read _SPaT(ITST ID:3600 Digital Media City) 70
2021-10-15 21:45:16.057,read _SPaT(ITST ID:3600 Digital Media City) 70
2021-10-15 21:45:16.300,read _SPaT(ITST ID:3600 Digital Media City) 70
2021-10-15 21:45:16.450,read _SPaT(ITST ID:3600 Digital Media City) 70
2021-10-15 21:45:16.602,read _RSA(FID:05 FF )
2021-10-15 21:45:16.624,read _RSA(FID:05 FF )
2021-10-15 21:45:16.625,read _RSA(FID:05 FF )
2021-10-15 21:45:16.673,read _RTCM
2021-10-15 21:45:16.699,read _SPaT(ITST ID:3600 Digital Media City) 70
2021-10-15 21:45:16.858,read _RSA(FID:5A FF )
2021-10-15 21:45:16.859,read _TIM(FID:01 FF )
2021-10-15 21:45:16.859,read _RSA(FID:5A FF )
2021-10-15 21:45:16.859,read _RSA(FID:5A FF )
2021-10-15 21:45:16.860,read _RSA(FID:5A FF )
2021-10-15 21:45:16.861,read _RSA(FID:5A FF )
2021-10-15 21:45:16.915,read _RSA(FID:5A FF )
2021-10-15 21:45:16.952,read _SPaT(ITST ID:3600 Digital Media City) 70
2021-10-15 21:45:17.067,read _SPaT(ITST ID:3600 Digital Media City) 70
2021-10-15 21:45:17.253,read _RSA(FID:05 FF )
2021-10-15 21:45:17.267,read _RSA(FID:05 FF )
2021-10-15 21:45:17.532,read _SPaT(ITST ID:3600 Digital Media City) 70
2021-10-15 21:45:17.606,read _RSA(FID:05 FF )
2021-10-15 21:45:17.637,read _RSA(FID:05 FF )
2021-10-15 21:45:17.641,read _RSA(FID:05 FF )
2021-10-15 21:45:17.656,read _RSA(FID:05 FF )
2021-10-15 21:45:17.656,read _RSA(FID:05 FF )
2021-10-15 21:45:17.665,read _RTCM
2021-10-15 21:45:17.913,read _RSA(FID:5A FF )
2021-10-15 21:45:17.913,read _RSA(FID:5A FF )
2021-10-15 21:45:17.914,read _RSA(FID:5A FF )
2021-10-15 21:45:17.914,read _RSA(FID:5A FF )
2021-10-15 21:45:18.173,read _RSA(FID:5A FF )
2021-10-15 21:45:18.173,read _RSA(FID:5A FF )
2021-10-15 21:45:18.173,read _RSA(FID:5A FF )
2021-10-15 21:45:18.176,read _SPaT(ITST ID:3600 Digital Media City) 70
2021-10-15 21:45:18.176,read _SPaT(ITST ID:3600 Digital Media City) 70
2021-10-15 21:45:18.176,read _SPaT(ITST ID:3600 Digital Media City) 70
2021-10-15 21:45:18.196,read _RSA(FID:5A FF )
2021-10-15 21:45:18.196,read _TIM(FID:01 FF )
2021-10-15 21:45:18.201,read _SPaT(ITST ID:3600 Digital Media City) 70
2021-10-15 21:45:18.268,read _RSA(FID:05 FF )
2021-10-15 21:45:18.286,read _SPaT(ITST ID:3600 Digital Media City) 70
2021-10-15 21:45:18.289,read _RSA(FID:05 FF )
2021-10-15 21:45:18.290,read _RSA(FID:05 FF )
2021-10-15 21:45:18.506,read _SPaT(ITST ID:3600 Digital Media City) 70
2021-10-15 21:45:18.612,read _RSA(FID:05 FF )
2021-10-15 21:45:18.640,read _RSA(FID:05 FF )
2021-10-15 21:45:18.812,read _RSA(FID:05 FF )
2021-10-15 21:45:18.812,read _RSA(FID:05 FF )
2021-10-15 21:45:18.817,read _RTCM
2021-10-15 21:45:18.817,read _SPaT(ITST ID:3600 Digital Media City) 70
2021-10-15 21:45:18.829,read _RSA(FID:5A FF )
2021-10-15 21:45:18.847,read _TIM(FID:01 FF )
2021-10-15 21:45:18.851,read _RSA(FID:5A FF )
2021-10-15 21:45:18.859,read _RSA(FID:5A FF )
2021-10-15 21:45:18.859,read _RSA(FID:5A FF )
2021-10-15 21:45:18.859,read _RSA(FID:5A FF )
2021-10-15 21:45:18.859,read _RSA(FID:5A FF )
2021-10-15 21:45:18.873,read _RSA(FID:5A FF )
2021-10-15 21:45:18.920,read _SPaT(ITST ID:3600 Digital Media City) 70
2021-10-15 21:45:18.931,read _RSA(FID:5A FF )
2021-10-15 21:45:19.095,read _SPaT(ITST ID:3600 Digital Media City) 70
2021-10-15 21:45:19.269,read _RSA(FID:05 FF )
2021-10-15 21:45:19.292,read _RSA(FID:05 FF )
2021-10-15 21:45:19.451,read _RSA(FID:05 FF )
2021-10-15 21:45:19.452,read _SPaT(ITST ID:3600 Digital Media City) 70
2021-10-15 21:45:19.486,read _SPaT(ITST ID:3600 Digital Media City) 70
2021-10-15 21:45:19.607,read _RSA(FID:05 FF )
2021-10-15 21:45:19.632,read _RSA(FID:05 FF )
2021-10-15 21:45:19.772,read _RTCM
2021-10-15 21:45:19.772,read _SPaT(ITST ID:3600 Digital Media City) 70
2021-10-15 21:45:19.839,read _RSA(FID:5A FF )
2021-10-15 21:45:19.875,read _TIM(FID:01 FF )
2021-10-15 21:45:19.875,read _RSA(FID:5A FF )
2021-10-15 21:45:19.876,read _RSA(FID:5A FF )
2021-10-15 21:45:19.876,read _RSA(FID:5A FF )
2021-10-15 21:45:19.877,read _RSA(FID:5A FF )
2021-10-15 21:45:19.889,read _RSA(FID:5A FF )
2021-10-15 21:45:19.889,read _RSA(FID:5A FF )
2021-10-15 21:45:19.922,read _RSA(FID:5A FF )
2021-10-15 21:45:19.937,read _SPaT(ITST ID:3600 Digital Media City) 70
2021-10-15 21:45:20.096,read _SPaT(ITST ID:3600 Digital Media City) 70
2021-10-15 21:45:20.283,read _RSA(FID:05 FF )
2021-10-15 21:45:20.322,read _SPaT(ITST ID:3600 Digital Media City) 70
2021-10-15 21:45:20.371,read _RSA(FID:05 FF )
2021-10-15 21:45:20.371,read _RSA(FID:05 FF )
2021-10-15 21:45:20.371,read _RSA(FID:05 FF )
2021-10-15 21:45:20.511,read _SPaT(ITST ID:3600 Digital Media City) 70
2021-10-15 21:45:20.624,read _RSA(FID:05 FF )
2021-10-15 21:45:20.731,read _RTCM
2021-10-15 21:45:20.732,read _SPaT(ITST ID:3600 Digital Media City) 70
2021-10-15 21:45:20.732,read _RSA(FID:05 FF )
2021-10-15 21:45:20.743,read _RSA(FID:05 FF )
2021-10-15 21:45:20.855,read _TIM(FID:01 FF )
2021-10-15 21:45:20.858,read _RSA(FID:5A FF )
2021-10-15 21:45:20.875,read _RSA(FID:5A FF )
2021-10-15 21:45:20.888,read _RSA(FID:5A FF )
2021-10-15 21:45:20.889,read _RSA(FID:5A FF )
2021-10-15 21:45:20.890,read _RSA(FID:5A FF )
2021-10-15 21:45:20.890,read _RSA(FID:5A FF )
2021-10-15 21:45:20.923,read _RSA(FID:5A FF )
2021-10-15 21:45:20.935,read _SPaT(ITST ID:3600 Digital Media City) 70
2021-10-15 21:45:20.951,read _RSA(FID:5A FF )
2021-10-15 21:45:20.963,read _RSA(FID:5A FF )
2021-10-15 21:45:21.096,read _SPaT(ITST ID:3600 Digital Media City) 70
2021-10-15 21:45:21.304,read _RSA(FID:05 FF )
2021-10-15 21:45:21.345,read _RSA(FID:05 FF )
2021-10-15 21:45:21.370,read _RSA(FID:05 FF )
2021-10-15 21:45:21.371,read _RSA(FID:05 FF )
2021-10-15 21:45:21.371,read _RSA(FID:05 FF )
2021-10-15 21:45:21.383,read _SPaT(ITST ID:3600 Digital Media City) 70
2021-10-15 21:45:21.576,read _SPaT(ITST ID:3600 Digital Media City) 70
2021-10-15 21:45:21.608,read _RSA(FID:05 FF )
2021-10-15 21:45:21.635,read _RSA(FID:05 FF )
2021-10-15 21:45:21.689,read _RTCM
2021-10-15 21:45:21.711,read _SPaT(ITST ID:3600 Digital Media City) 70
2021-10-15 21:45:21.824,read _TIM(FID:01 FF )
2021-10-15 21:45:21.883,read _RSA(FID:5A FF )
2021-10-15 21:45:21.885,read _RSA(FID:5A FF )
2021-10-15 21:45:21.885,read _RSA(FID:5A FF )
2021-10-15 21:45:21.903,read _RSA(FID:5A FF )
2021-10-15 21:45:21.904,read _RSA(FID:5A FF )
2021-10-15 21:45:21.905,read _RSA(FID:5A FF )
2021-10-15 21:45:21.905,read _RSA(FID:5A FF )
2021-10-15 21:45:21.906,read _RSA(FID:5A FF )
2021-10-15 21:45:21.968,read _RSA(FID:5A FF )
2021-10-15 21:45:21.974,read _SPaT(ITST ID:3600 Digital Media City) 70
2021-10-15 21:45:21.989,read _RSA(FID:5A FF )
2021-10-15 21:45:22.125,read _SPaT(ITST ID:3600 Digital Media City) 70
2021-10-15 21:45:22.313,read _RSA(FID:05 FF )
2021-10-15 21:45:22.334,read _RSA(FID:05 FF )
2021-10-15 21:45:22.335,read _RSA(FID:05 FF )
2021-10-15 21:45:22.336,read _RSA(FID:05 FF )
2021-10-15 21:45:22.359,read _RSA(FID:05 FF )
2021-10-15 21:45:22.379,read _SPaT(ITST ID:3600 Digital Media City) 70
2021-10-15 21:45:22.571,read _SPaT(ITST ID:3600 Digital Media City) 70
2021-10-15 21:45:22.640,read _RSA(FID:05 FF )
2021-10-15 21:45:22.662,read _RTCM
2021-10-15 21:45:22.674,read _RSA(FID:05 FF )
2021-10-15 21:45:22.822,read _TIM(FID:01 FF )
2021-10-15 21:45:22.911,read _RSA(FID:5A FF )
2021-10-15 21:45:22.969,read _SPaT(ITST ID:3600 Digital Media City) 70
2021-10-15 21:45:22.970,read _RSA(FID:5A FF )
2021-10-15 21:45:22.983,read _RSA(FID:5A FF )
2021-10-15 21:45:22.983,read _RSA(FID:5A FF )
2021-10-15 21:45:22.990,read _RSA(FID:5A FF )
2021-10-15 21:45:22.990,read _RSA(FID:5A FF )
2021-10-15 21:45:22.990,read _RSA(FID:5A FF )
2021-10-15 21:45:22.990,read _RSA(FID:5A FF )
2021-10-15 21:45:22.999,read _SPaT(ITST ID:3600 Digital Media City) 70
2021-10-15 21:45:23.255,read _SPaT(ITST ID:3600 Digital Media City) 70
2021-10-15 21:45:23.320,read _RSA(FID:05 FF )
2021-10-15 21:45:23.352,read _RSA(FID:05 FF )
2021-10-15 21:45:23.609,read _RSA(FID:05 FF )
2021-10-15 21:45:23.610,read _RSA(FID:05 FF )
2021-10-15 21:45:23.611,read _RSA(FID:05 FF )
2021-10-15 21:45:23.611,read _SPaT(ITST ID:3600 Digital Media City) 70
2021-10-15 21:45:23.632,read _SPaT(ITST ID:3600 Digital Media City) 70
2021-10-15 21:45:23.670,read _RTCM
2021-10-15 21:45:23.908,read _SPaT(ITST ID:3600 Digital Media City) 70
2021-10-15 21:45:23.908,read _TIM(FID:01 FF )
2021-10-15 21:45:23.951,read _RSA(FID:5A FF )
2021-10-15 21:45:23.990,read _RSA(FID:5A FF )
2021-10-15 21:45:24.249,read _RSA(FID:5A FF )
2021-10-15 21:45:24.249,read _RSA(FID:5A FF )
2021-10-15 21:45:24.252,read _RSA(FID:5A FF )
2021-10-15 21:45:24.252,read _RSA(FID:5A FF )
2021-10-15 21:45:24.252,read _RSA(FID:5A FF )
2021-10-15 21:45:24.253,read _RSA(FID:5A FF )
2021-10-15 21:45:24.253,read _RSA(FID:5A FF )
2021-10-15 21:45:24.253,read _SPaT(ITST ID:3600 Digital Media City) 70
2021-10-15 21:45:24.662,read _RTCM
2021-10-15 21:45:25.686,read _RTCM
2021-10-15 21:45:26.685,read _RTCM
2021-10-15 21:45:27.680,read _RTCM
2021-10-15 21:45:28.672,read _RTCM
2021-10-15 21:45:29.667,read _RTCM
2021-10-15 21:45:30.664,read _RTCM
2021-10-15 21:45:31.656,read _RTCM
2021-10-15 21:45:32.671,read _RTCM
2021-10-15 21:45:33.665,read _RTCM
2021-10-15 21:45:34.661,read _RTCM
2021-10-15 21:45:35.666,read _RTCM
2021-10-15 21:45:36.650,read _RTCM
2021-10-15 21:45:37.662,read _RTCM
2021-10-15 21:45:38.961,read _RTCM
2021-10-15 21:45:39.652,read _RTCM
2021-10-15 21:45:40.654,read _RTCM
2021-10-15 21:45:41.648,read _RTCM
2021-10-15 21:45:42.647,read _RTCM
2021-10-15 21:45:43.647,read _RTCM
2021-10-15 21:45:44.647,read _RTCM
2021-10-15 21:45:45.664,read _RTCM
2021-10-15 21:45:46.663,read _RTCM
2021-10-15 21:45:47.659,read _RTCM
2021-10-15 21:45:48.662,read _RTCM
2021-10-15 21:45:49.662,read _RTCM
2021-10-15 21:45:50.657,read _RTCM
2021-10-15 21:45:51.660,read _RTCM
2021-10-15 21:45:52.662,read _RTCM
2021-10-15 21:45:53.360,read _MAP(ITST ID:3600)
2021-10-15 21:45:53.360,read _SPaT(ITST ID:3600 Digital Media City) 70
2021-10-15 21:45:53.360,read _RSA(FID:5A FF )
2021-10-15 21:45:53.383,read _SPaT(ITST ID:3600 Digital Media City) 70
2021-10-15 21:45:53.512,read _RSA(FID:05 FF )
2021-10-15 21:45:53.531,read _SPaT(ITST ID:3600 Digital Media City) 70
2021-10-15 21:45:53.657,read _RTCM
2021-10-15 21:45:53.734,read _SPaT(ITST ID:3600 Digital Media City) 70
2021-10-15 21:45:53.854,read _TIM(FID:01 FF )
2021-10-15 21:45:53.904,read _SPaT(ITST ID:3600 Digital Media City) 70
2021-10-15 21:45:53.961,read _RSA(FID:5A FF )
2021-10-15 21:45:53.993,read _RSA(FID:5A FF )
2021-10-15 21:45:53.994,read _RSA(FID:5A FF )
2021-10-15 21:45:54.068,read _SPaT(ITST ID:3600 Digital Media City) 70
2021-10-15 21:45:54.091,read _MAP(ITST ID:3600)
2021-10-15 21:45:54.290,read _SPaT(ITST ID:3600 Digital Media City) 70
2021-10-15 21:45:54.473,read _SPaT(ITST ID:3600 Digital Media City) 70
2021-10-15 21:45:54.534,read _RSA(FID:05 FF )
2021-10-15 21:45:54.646,read _RTCM
2021-10-15 21:45:54.758,read _SPaT(ITST ID:3600 Digital Media City) 70
2021-10-15 21:45:54.933,read _RSA(FID:05 FF )
2021-10-15 21:45:54.953,read _TIM(FID:01 FF )
2021-10-15 21:45:54.954,read _SPaT(ITST ID:3600 Digital Media City) 70
2021-10-15 21:45:55.122,read _RSA(FID:5A FF )
2021-10-15 21:45:55.122,read _RSA(FID:5A FF )
2021-10-15 21:45:55.123,read _RSA(FID:5A FF )
2021-10-15 21:45:55.141,read _RSA(FID:5A FF )
2021-10-15 21:45:55.141,read _RSA(FID:5A FF )
2021-10-15 21:45:55.151,read _RSA(FID:5A FF )
2021-10-15 21:45:55.151,read _RSA(FID:5A FF )
2021-10-15 21:45:55.161,read _SPaT(ITST ID:3600 Digital Media City) 70
2021-10-15 21:45:55.301,read _SPaT(ITST ID:3600 Digital Media City) 70
2021-10-15 21:45:55.379,read _MAP(ITST ID:3600)
2021-10-15 21:45:55.530,read _SPaT(ITST ID:3600 Digital Media City) 70
2021-10-15 21:45:55.648,read _RTCM
2021-10-15 21:45:55.762,read _SPaT(ITST ID:3600 Digital Media City) 70
2021-10-15 21:45:55.801,read _TIM(FID:01 FF )
2021-10-15 21:45:55.898,read _SPaT(ITST ID:3600 Digital Media City) 70
2021-10-15 21:45:55.948,read _RSA(FID:05 FF )
2021-10-15 21:45:55.978,read _RSA(FID:5A FF )
2021-10-15 21:45:55.979,read _RSA(FID:5A FF )
2021-10-15 21:45:56.234,read _RSA(FID:5A FF )
2021-10-15 21:45:56.234,read _RSA(FID:5A FF )
2021-10-15 21:45:56.244,read _RSA(FID:5A FF )
2021-10-15 21:45:56.244,read _RSA(FID:5A FF )
2021-10-15 21:45:56.244,read _RSA(FID:5A FF )
2021-10-15 21:45:56.244,read _RSA(FID:5A FF )
2021-10-15 21:45:56.244,read _RSA(FID:5A FF )
2021-10-15 21:45:56.245,read _SPaT(ITST ID:3600 Digital Media City) 70
2021-10-15 21:45:56.335,read _SPaT(ITST ID:3600 Digital Media City) 70
2021-10-15 21:45:56.358,read _MAP(ITST ID:3600)
2021-10-15 21:45:56.550,read _SPaT(ITST ID:3600 Digital Media City) 70
2021-10-15 21:45:56.640,read _RTCM
2021-10-15 21:45:56.795,read _SPaT(ITST ID:3600 Digital Media City) 70
2021-10-15 21:45:56.935,read _TIM(FID:01 FF )
2021-10-15 21:45:56.947,read _RSA(FID:05 FF )
2021-10-15 21:45:56.968,read _RSA(FID:5A FF )
2021-10-15 21:45:57.193,read _RSA(FID:5A FF )
2021-10-15 21:45:57.193,read _RSA(FID:5A FF )
2021-10-15 21:45:57.193,read _RSA(FID:5A FF )
2021-10-15 21:45:57.194,read _RSA(FID:5A FF )
2021-10-15 21:45:57.195,read _RSA(FID:5A FF )
2021-10-15 21:45:57.195,read _RSA(FID:5A FF )
2021-10-15 21:45:57.195,read _RSA(FID:5A FF )
2021-10-15 21:45:57.206,read _SPaT(ITST ID:3600 Digital Media City) 70
2021-10-15 21:45:57.206,read _SPaT(ITST ID:3600 Digital Media City) 70
2021-10-15 21:45:57.232,read _MAP(ITST ID:3600)
2021-10-15 21:45:57.386,read _SPaT(ITST ID:3600 Digital Media City) 70
2021-10-15 21:45:57.520,read _SPaT(ITST ID:3600 Digital Media City) 70
2021-10-15 21:45:57.647,read _RTCM
2021-10-15 21:45:57.795,read _SPaT(ITST ID:3600 Digital Media City) 70
2021-10-15 21:45:57.837,read _TIM(FID:01 FF )
2021-10-15 21:45:57.930,read _RSA(FID:5A FF )
2021-10-15 21:45:57.930,read _RSA(FID:5A FF )
2021-10-15 21:45:58.152,read _RSA(FID:5A FF )
2021-10-15 21:45:58.152,read _RSA(FID:5A FF )
2021-10-15 21:45:58.152,read _RSA(FID:5A FF )
2021-10-15 21:45:58.152,read _RSA(FID:5A FF )
2021-10-15 21:45:58.153,read _RSA(FID:5A FF )
2021-10-15 21:45:58.153,read _SPaT(ITST ID:3600 Digital Media City) 70
2021-10-15 21:45:58.170,read _RSA(FID:5A FF )
2021-10-15 21:45:58.198,read _RSA(FID:5A FF )
2021-10-15 21:45:58.198,read _SPaT(ITST ID:3600 Digital Media City) 70
2021-10-15 21:45:58.230,read _MAP(ITST ID:3600)
2021-10-15 21:45:58.385,read _SPaT(ITST ID:3600 Digital Media City) 70
2021-10-15 21:45:58.429,read _RSA(FID:05 FF )
2021-10-15 21:45:58.549,read _SPaT(ITST ID:3600 Digital Media City) 70
2021-10-15 21:45:58.676,read _RTCM
2021-10-15 21:45:58.839,read _TIM(FID:01 FF )
2021-10-15 21:45:58.878,read _SPaT(ITST ID:3600 Digital Media City) 70
2021-10-15 21:45:58.944,read _RSA(FID:5A FF )
2021-10-15 21:45:58.972,read _RSA(FID:5A FF )
2021-10-15 21:45:58.972,read _RSA(FID:5A FF )
2021-10-15 21:45:59.111,read _RSA(FID:5A FF )
2021-10-15 21:45:59.111,read _RSA(FID:5A FF )
2021-10-15 21:45:59.112,read _RSA(FID:5A FF )
2021-10-15 21:45:59.113,read _RSA(FID:5A FF )
2021-10-15 21:45:59.113,read _SPaT(ITST ID:3600 Digital Media City) 70
2021-10-15 21:45:59.286,read _MAP(ITST ID:3600)
2021-10-15 21:45:59.292,read _SPaT(ITST ID:3600 Digital Media City) 70
2021-10-15 21:45:59.347,read _SPaT(ITST ID:3600 Digital Media City) 70
2021-10-15 21:45:59.482,read _SPaT(ITST ID:3600 Digital Media City) 70
2021-10-15 21:45:59.491,read _RSA(FID:05 FF )
2021-10-15 21:45:59.576,read _RSA(FID:05 FF )
2021-10-15 21:45:59.593,read _SPaT(ITST ID:3600 Digital Media City) 70
2021-10-15 21:45:59.750,read _RTCM
2021-10-15 21:45:59.870,read _SPaT(ITST ID:3600 Digital Media City) 70
2021-10-15 21:45:59.911,read _TIM(FID:01 FF )
2021-10-15 21:45:59.938,read _RSA(FID:5A FF )
2021-10-15 21:45:59.956,read _RSA(FID:5A FF )
2021-10-15 21:45:59.956,read _RSA(FID:5A FF )
2021-10-15 21:45:59.956,read _RSA(FID:5A FF )
2021-10-15 21:45:59.956,read _RSA(FID:5A FF )
2021-10-15 21:45:59.957,read _RSA(FID:5A FF )
2021-10-15 21:46:00.056,read _SPaT(ITST ID:3600 Digital Media City) 70
2021-10-15 21:46:00.087,read _MAP(ITST ID:3600)
2021-10-15 21:46:00.191,read _SPaT(ITST ID:3600 Digital Media City) 70
2021-10-15 21:46:00.443,read _SPaT(ITST ID:3600 Digital Media City) 70
2021-10-15 21:46:00.566,read _RSA(FID:05 FF )
2021-10-15 21:46:00.595,read _RSA(FID:05 FF )
2021-10-15 21:46:00.710,read _SPaT(ITST ID:3600 Digital Media City) 70
2021-10-15 21:46:00.711,read _RTCM
2021-10-15 21:46:00.799,read _TIM(FID:01 FF )
2021-10-15 21:46:00.870,read _SPaT(ITST ID:3600 Digital Media City) 70
2021-10-15 21:46:01.350,read _SPaT(ITST ID:3600 Digital Media City) 70
2021-10-15 21:46:01.352,read _RSA(FID:5A FF )
2021-10-15 21:46:01.352,read _RSA(FID:5A FF )
2021-10-15 21:46:01.352,read _RSA(FID:5A FF )
2021-10-15 21:46:01.352,read _RSA(FID:5A FF )
2021-10-15 21:46:01.352,read _RSA(FID:5A FF )
2021-10-15 21:46:01.352,read _RSA(FID:5A FF )
2021-10-15 21:46:01.352,read _RSA(FID:5A FF )
2021-10-15 21:46:01.389,read _MAP(ITST ID:3600)
2021-10-15 21:46:01.389,read _SPaT(ITST ID:3600 Digital Media City) 70
2021-10-15 21:46:01.518,read _RSA(FID:05 FF )
2021-10-15 21:46:01.559,read _SPaT(ITST ID:3600 Digital Media City) 70
2021-10-15 21:46:01.571,read _RSA(FID:05 FF )
2021-10-15 21:46:01.658,read _RTCM
2021-10-15 21:46:01.658,read _SPaT(ITST ID:3600 Digital Media City) 70
2021-10-15 21:46:01.717,read _RSA(FID:05 FF )
2021-10-15 21:46:01.718,read _RSA(FID:05 FF )
2021-10-15 21:46:01.825,read _TIM(FID:01 FF )
2021-10-15 21:46:01.982,read _RSA(FID:5A FF )
2021-10-15 21:46:02.029,read _RSA(FID:5A FF )
2021-10-15 21:46:02.029,read _RSA(FID:5A FF )
2021-10-15 21:46:02.310,read _RSA(FID:5A FF )
2021-10-15 21:46:02.310,read _RSA(FID:5A FF )
2021-10-15 21:46:02.310,read _RSA(FID:5A FF )
2021-10-15 21:46:02.310,read _SPaT(ITST ID:3600 Digital Media City) 70
2021-10-15 21:46:02.311,read _SPaT(ITST ID:3600 Digital Media City) 70
2021-10-15 21:46:02.332,read _SPaT(ITST ID:3600 Digital Media City) 70
2021-10-15 21:46:02.461,read _RSA(FID:05 FF )
2021-10-15 21:46:02.465,read _SPaT(ITST ID:3600 Digital Media City) 70
2021-10-15 21:46:02.600,read _RSA(FID:05 FF )
2021-10-15 21:46:02.949,read _RTCM
2021-10-15 21:46:02.949,read _SPaT(ITST ID:3600 Digital Media City) 70
2021-10-15 21:46:02.956,read _TIM(FID:01 FF )
2021-10-15 21:46:02.957,read _SPaT(ITST ID:3600 Digital Media City) 70
2021-10-15 21:46:02.971,read _RSA(FID:5A FF )
2021-10-15 21:46:02.972,read _RSA(FID:5A FF )
2021-10-15 21:46:02.972,read _RSA(FID:5A FF )
2021-10-15 21:46:02.972,read _RSA(FID:5A FF )
2021-10-15 21:46:02.972,read _RSA(FID:5A FF )
2021-10-15 21:46:02.972,read _RSA(FID:5A FF )
2021-10-15 21:46:03.027,read _SPaT(ITST ID:3600 Digital Media City) 70
2021-10-15 21:46:03.240,read _SPaT(ITST ID:3600 Digital Media City) 70
2021-10-15 21:46:03.446,read _RSA(FID:05 FF )
2021-10-15 21:46:03.494,read _SPaT(ITST ID:3600 Digital Media City) 70
2021-10-15 21:46:03.612,read _RSA(FID:05 FF )
2021-10-15 21:46:03.646,read _RTCM
2021-10-15 21:46:03.739,read _SPaT(ITST ID:3600 Digital Media City) 70
2021-10-15 21:46:03.813,read _TIM(FID:01 FF )
2021-10-15 21:46:03.894,read _SPaT(ITST ID:3600 Digital Media City) 70
2021-10-15 21:46:03.924,read _RSA(FID:5A FF )
2021-10-15 21:46:03.938,read _RSA(FID:5A FF )
2021-10-15 21:46:03.938,read _RSA(FID:5A FF )
2021-10-15 21:46:04.228,read _RSA(FID:5A FF )
2021-10-15 21:46:04.229,read _RSA(FID:5A FF )
2021-10-15 21:46:04.230,read _SPaT(ITST ID:3600 Digital Media City) 70
2021-10-15 21:46:04.249,read _SPaT(ITST ID:3600 Digital Media City) 70
2021-10-15 21:46:04.452,read _RSA(FID:05 FF )
2021-10-15 21:46:04.461,read _SPaT(ITST ID:3600 Digital Media City) 70
2021-10-15 21:46:04.604,read _RSA(FID:05 FF )
2021-10-15 21:46:04.641,read _RTCM
2021-10-15 21:46:04.686,read _SPaT(ITST ID:3600 Digital Media City) 70
2021-10-15 21:46:04.861,read _SPaT(ITST ID:3600 Digital Media City) 70
2021-10-15 21:46:04.925,read _RSA(FID:5A FF )
2021-10-15 21:46:05.097,read _SPaT(ITST ID:3600 Digital Media City) 70
2021-10-15 21:46:05.209,read _RSA(FID:5A FF )
2021-10-15 21:46:05.222,read _TIM(FID:01 FF )
2021-10-15 21:46:05.371,read _SPaT(ITST ID:3600 Digital Media City) 70
2021-10-15 21:46:05.461,read _RSA(FID:05 FF )
2021-10-15 21:46:05.472,read _RSA(FID:05 FF )
2021-10-15 21:46:05.512,read _SPaT(ITST ID:3600 Digital Media City) 70
2021-10-15 21:46:05.623,read _RSA(FID:05 FF )
2021-10-15 21:46:05.651,read _RTCM
2021-10-15 21:46:05.966,read _TIM(FID:01 FF )
2021-10-15 21:46:06.003,read _SPaT(ITST ID:3600 Digital Media City) 70
2021-10-15 21:46:06.014,read _SPaT(ITST ID:3600 Digital Media City) 70
2021-10-15 21:46:06.088,read _SPaT(ITST ID:3600 Digital Media City) 70
2021-10-15 21:46:06.217,read _RSA(FID:5A FF )
2021-10-15 21:46:06.257,read _SPaT(ITST ID:3600 Digital Media City) 70
2021-10-15 21:46:06.456,read _RSA(FID:05 FF )
2021-10-15 21:46:06.476,read _RSA(FID:05 FF )
2021-10-15 21:46:06.532,read _SPaT(ITST ID:3600 Digital Media City) 70
2021-10-15 21:46:06.787,read _RTCM
2021-10-15 21:46:06.787,read _SPaT(ITST ID:3600 Digital Media City) 70
2021-10-15 21:46:06.879,read _TIM(FID:01 FF )
2021-10-15 21:46:06.925,read _SPaT(ITST ID:3600 Digital Media City) 70
2021-10-15 21:46:07.091,read _SPaT(ITST ID:3600 Digital Media City) 70
2021-10-15 21:46:07.226,read _RSA(FID:5A FF )
2021-10-15 21:46:07.340,read _SPaT(ITST ID:3600 Digital Media City) 70
2021-10-15 21:46:07.442,read _RSA(FID:05 FF )
2021-10-15 21:46:07.485,read _SPaT(ITST ID:3600 Digital Media City) 70
2021-10-15 21:46:07.746,read _RTCM
2021-10-15 21:46:07.747,read _SPaT(ITST ID:3600 Digital Media City) 70
2021-10-15 21:46:07.861,read _TIM(FID:01 FF )
2021-10-15 21:46:07.901,read _SPaT(ITST ID:3600 Digital Media City) 70
2021-10-15 21:46:08.112,read _SPaT(ITST ID:3600 Digital Media City) 70
2021-10-15 21:46:08.231,read _RSA(FID:5A FF )
2021-10-15 21:46:08.291,read _SPaT(ITST ID:3600 Digital Media City) 70
2021-10-15 21:46:08.447,read _RSA(FID:05 FF )
2021-10-15 21:46:08.519,read _SPaT(ITST ID:3600 Digital Media City) 70
2021-10-15 21:46:08.614,read _RSA(FID:05 FF )
2021-10-15 21:46:08.706,read _RTCM
2021-10-15 21:46:08.706,read _SPaT(ITST ID:3600 Digital Media City) 70
2021-10-15 21:46:08.843,read _RSA(FID:5A FF )
2021-10-15 21:46:08.843,read _RSA(FID:5A FF )
2021-10-15 21:46:08.851,read _TIM(FID:01 FF )
2021-10-15 21:46:08.964,read _SPaT(ITST ID:3600 Digital Media City) 70
2021-10-15 21:46:09.101,read _SPaT(ITST ID:3600 Digital Media City) 70
2021-10-15 21:46:09.243,read _RSA(FID:5A FF )
2021-10-15 21:46:09.293,read _SPaT(ITST ID:3600 Digital Media City) 70
2021-10-15 21:46:09.442,read _RSA(FID:05 FF )
2021-10-15 21:46:09.514,read _SPaT(ITST ID:3600 Digital Media City) 70
2021-10-15 21:46:09.665,read _RTCM
2021-10-15 21:46:09.741,read _SPaT(ITST ID:3600 Digital Media City) 70
2021-10-15 21:46:09.827,read _TIM(FID:01 FF )
2021-10-15 21:46:09.854,read _RSA(FID:5A FF )
2021-10-15 21:46:09.862,read _RSA(FID:5A FF )
2021-10-15 21:46:09.862,read _RSA(FID:5A FF )
2021-10-15 21:46:09.862,read _RSA(FID:5A FF )
2021-10-15 21:46:09.862,read _RSA(FID:5A FF )
2021-10-15 21:46:09.887,read _SPaT(ITST ID:3600 Digital Media City) 70
2021-10-15 21:46:10.068,read _SPaT(ITST ID:3600 Digital Media City) 70
2021-10-15 21:46:10.290,read _RSA(FID:5A FF )
2021-10-15 21:46:10.310,read _SPaT(ITST ID:3600 Digital Media City) 70
2021-10-15 21:46:10.446,read _RSA(FID:05 FF )
2021-10-15 21:46:10.471,read _SPaT(ITST ID:3600 Digital Media City) 70
2021-10-15 21:46:10.646,read _RTCM
2021-10-15 21:46:10.811,read _SPaT(ITST ID:3600 Digital Media City) 70
2021-10-15 21:46:10.828,read _TIM(FID:01 FF )
2021-10-15 21:46:10.833,read _RSA(FID:5A FF )
2021-10-15 21:46:10.833,read _RSA(FID:5A FF )
2021-10-15 21:46:10.945,read _SPaT(ITST ID:3600 Digital Media City) 70
2021-10-15 21:46:11.905,read _RTCM
2021-10-15 21:46:12.648,read _RTCM
2021-10-15 21:46:13.640,read _RTCM
2021-10-15 21:46:14.646,read _RTCM
2021-10-15 21:46:15.643,read _RTCM
2021-10-15 21:46:16.676,read _RTCM
2021-10-15 21:46:17.631,read _RTCM
2021-10-15 21:46:18.647,read _RTCM
2021-10-15 21:46:19.636,read _RTCM
2021-10-15 21:46:20.648,read _RTCM
2021-10-15 21:46:21.630,read _RTCM
2021-10-15 21:46:22.659,read _RTCM
2021-10-15 21:46:23.738,read _RTCM
2021-10-15 21:46:24.628,read _RTCM
2021-10-15 21:46:25.636,read _RTCM
2021-10-15 21:46:26.652,read _RTCM
2021-10-15 21:46:27.631,read _RTCM
2021-10-15 21:46:28.633,read _RTCM
2021-10-15 21:46:29.678,read _RTCM
2021-10-15 21:46:30.658,read _RTCM
2021-10-15 21:46:31.626,read _RTCM
2021-10-15 21:46:32.697,read _RTCM
2021-10-15 21:46:33.631,read _RTCM
2021-10-15 21:46:34.641,read _RTCM
2021-10-15 21:46:35.640,read _RTCM
2021-10-15 21:46:36.665,read _RTCM
2021-10-15 21:46:37.640,read _RTCM
2021-10-15 21:46:38.770,read _RTCM
2021-10-15 21:46:39.646,read _RTCM
2021-10-15 21:46:40.673,read _RTCM
2021-10-15 21:46:41.635,read _RTCM
2021-10-15 21:46:42.649,read _RTCM
2021-10-15 21:46:43.652,read _RTCM
2021-10-15 21:46:44.633,read _RTCM
2021-10-15 21:46:45.645,read _RTCM
2021-10-15 21:46:46.647,read _RTCM
2021-10-15 21:46:47.639,read _RTCM
2021-10-15 21:46:48.628,read _RTCM
2021-10-15 21:46:49.636,read _RTCM
2021-10-15 21:46:50.645,read _RTCM
2021-10-15 21:46:51.632,read _RTCM
2021-10-15 21:46:52.634,read _RTCM
2021-10-15 21:46:53.626,read _RTCM
2021-10-15 21:46:54.620,read _RTCM
2021-10-15 21:46:55.838,read _RTCM
2021-10-15 21:46:56.633,read _RTCM
2021-10-15 21:46:57.621,read _RTCM
2021-10-15 21:46:58.621,read _RTCM
2021-10-15 21:46:59.652,read _RTCM
2021-10-15 21:47:00.648,read _RTCM
2021-10-15 21:47:01.645,read _RTCM
2021-10-15 21:47:02.634,read _RTCM
2021-10-15 21:47:03.629,read _RTCM
2021-10-15 21:47:04.618,read _RTCM
2021-10-15 21:47:05.638,read _RTCM
2021-10-15 21:47:06.644,read _RTCM
2021-10-15 21:47:07.639,read _RTCM
2021-10-15 21:47:08.836,read _RTCM
2021-10-15 21:47:09.623,read _RTCM
2021-10-15 21:47:10.610,read _RTCM
2021-10-15 21:47:11.629,read _RTCM
2021-10-15 21:47:12.629,read _RTCM
2021-10-15 21:47:13.673,read _RTCM
2021-10-15 21:47:14.625,read _RTCM
2021-10-15 21:47:15.622,read _RTCM
2021-10-15 21:47:16.619,read _RTCM
2021-10-15 21:47:17.611,read _RTCM
2021-10-15 21:47:18.608,read _RTCM
2021-10-15 21:47:19.608,read _RTCM
2021-10-15 21:47:20.607,read _RTCM
2021-10-15 21:47:21.613,read _RTCM
2021-10-15 21:47:22.611,read _RTCM
2021-10-15 21:47:23.601,read _RTCM
2021-10-15 21:47:24.603,read _RTCM
2021-10-15 21:47:25.605,read _RTCM
2021-10-15 21:47:26.620,read _RTCM
2021-10-15 21:47:27.619,read _RTCM
2021-10-15 21:47:28.599,read _RTCM
2021-10-15 21:47:29.598,read _RTCM
2021-10-15 21:47:30.602,read _RTCM
2021-10-15 21:47:31.629,read _RTCM
2021-10-15 21:47:32.618,read _RTCM
2021-10-15 21:47:33.623,read _RTCM
2021-10-15 21:47:34.621,read _RTCM
2021-10-15 21:47:35.612,read _RTCM
2021-10-15 21:47:36.619,read _RTCM
2021-10-15 21:47:37.662,read _RTCM
2021-10-15 21:47:38.616,read _RTCM
2021-10-15 21:47:39.608,read _RTCM
2021-10-15 21:47:40.617,read _RTCM
2021-10-15 21:47:41.612,read _RTCM
2021-10-15 21:47:42.599,read _RTCM
2021-10-15 21:47:43.601,read _RTCM
2021-10-15 21:47:44.605,read _RTCM
2021-10-15 21:47:45.617,read _RTCM
2021-10-15 21:47:46.586,read _RTCM
2021-10-15 21:47:47.599,read _RTCM
2021-10-15 21:47:48.580,read _RTCM
2021-10-15 21:47:49.598,read _RTCM
2021-10-15 21:47:50.595,read _RTCM
2021-10-15 21:47:51.595,read _RTCM
2021-10-15 21:47:52.591,read _RTCM
2021-10-15 21:47:53.591,read _RTCM
2021-10-15 21:47:54.593,read _RTCM
2021-10-15 21:47:55.590,read _RTCM
2021-10-15 21:47:56.602,read _RTCM
2021-10-15 21:47:57.611,read _RTCM
2021-10-15 21:47:58.593,read _RTCM
2021-10-15 21:48:01.019,read _RTCM
2021-10-15 21:48:01.094,read _RTCM
2021-10-15 21:48:01.609,read _RTCM
2021-10-15 21:48:02.890,read _RTCM
2021-10-15 21:48:03.848,read _RTCM
2021-10-15 21:48:04.589,read _RTCM
2021-10-15 21:48:05.583,read _RTCM
2021-10-15 21:48:06.726,read _RTCM
2021-10-15 21:48:07.686,read _RTCM
2021-10-15 21:48:08.645,read _RTCM
2021-10-15 21:48:09.606,read _RTCM
2021-10-15 21:48:10.885,read _RTCM
2021-10-15 21:48:11.844,read _RTCM
2021-10-15 21:48:12.802,read _RTCM
2021-10-15 21:48:13.768,read _RTCM
2021-10-15 21:48:14.569,read _RTCM
2021-10-15 21:48:15.682,read _RTCM
2021-10-15 21:48:16.641,read _RTCM
2021-10-15 21:48:17.601,read _RTCM
2021-10-15 21:48:18.880,read _RTCM
2021-10-15 21:48:19.840,read _RTCM
2021-10-15 21:48:20.800,read _RTCM
2021-10-15 21:48:21.758,read _RTCM
2021-10-15 21:48:22.718,read _RTCM
2021-10-15 21:48:23.575,read _RTCM
2021-10-15 21:48:24.637,read _RTCM
2021-10-15 21:48:25.597,read _RTCM
2021-10-15 21:48:26.877,read _RTCM
2021-10-15 21:48:27.836,read _RTCM
2021-10-15 21:48:28.795,read _RTCM
2021-10-15 21:48:29.565,read _RTCM
2021-10-15 21:48:30.716,read _RTCM
2021-10-15 21:48:31.674,read _RTCM
2021-10-15 21:48:32.634,read _RTCM
2021-10-15 21:48:33.593,read _RTCM
2021-10-15 21:48:34.872,read _RTCM
2021-10-15 21:48:35.832,read _RTCM
2021-10-15 21:48:36.795,read _RTCM
2021-10-15 21:48:37.673,read _RTCM
2021-10-15 21:48:38.712,read _RTCM
2021-10-15 21:48:39.670,read _RTCM
2021-10-15 21:48:40.631,read _RTCM
2021-10-15 21:48:41.558,read _RTCM
2021-10-15 21:48:42.869,read _RTCM
2021-10-15 21:48:43.828,read _RTCM
2021-10-15 21:48:44.787,read _RTCM
2021-10-15 21:48:45.747,read _RTCM
2021-10-15 21:48:46.706,read _RTCM
2021-10-15 21:48:47.666,read _RTCM
2021-10-15 21:48:48.625,read _RTCM
2021-10-15 21:48:49.584,read _RTCM
2021-10-15 21:48:50.564,read _RTCM
2021-10-15 21:48:51.824,read _RTCM
2021-10-15 21:48:52.783,read _RTCM
2021-10-15 21:48:53.744,read _RTCM
2021-10-15 21:48:54.568,read _RTCM
2021-10-15 21:48:55.666,read _RTCM
2021-10-15 21:48:56.621,read _RTCM
2021-10-15 21:48:57.581,read _RTCM
2021-10-15 21:48:58.860,read _RTCM
2021-10-15 21:48:59.820,read _RTCM
2021-10-15 21:49:00.779,read _RTCM
2021-10-15 21:49:01.738,read _RTCM
2021-10-15 21:49:02.560,read _RTCM
2021-10-15 21:49:03.658,read _RTCM
2021-10-15 21:49:04.617,read _RTCM
2021-10-15 21:49:05.591,read _RTCM
2021-10-15 21:49:06.857,read _RTCM
2021-10-15 21:49:07.817,read _RTCM
2021-10-15 21:49:08.776,read _RTCM
2021-10-15 21:49:09.735,read _RTCM
2021-10-15 21:49:10.694,read _RTCM
2021-10-15 21:49:11.653,read _RTCM
2021-10-15 21:49:12.614,read _RTCM
2021-10-15 21:49:13.551,read _RTCM
2021-10-15 21:49:14.606,read _RTCM
2021-10-15 21:49:15.813,read _RTCM
2021-10-15 21:49:16.551,read _RTCM
2021-10-15 21:49:17.557,read _RTCM
2021-10-15 21:49:18.571,read _RTCM
2021-10-15 21:49:19.542,read _RTCM
2021-10-15 21:49:20.609,read _RTCM
2021-10-15 21:49:21.569,read _RTCM
2021-10-15 21:49:22.545,read _RTCM
2021-10-15 21:49:23.543,read _RTCM
2021-10-15 21:49:24.767,read _RTCM
2021-10-15 21:49:25.646,read _RTCM
2021-10-15 21:49:26.687,read _RTCM
2021-10-15 21:49:27.538,read _RTCM
2021-10-15 21:49:28.604,read _RTCM
2021-10-15 21:49:29.576,read _RTCM
2021-10-15 21:49:30.843,read _RTCM
2021-10-15 21:49:31.560,read _RTCM
2021-10-15 21:49:32.762,read _RTCM
2021-10-15 21:49:33.723,read _RTCM
2021-10-15 21:49:34.681,read _RTCM
2021-10-15 21:49:35.563,read _RTCM
2021-10-15 21:49:36.600,read _RTCM
2021-10-15 21:49:37.139,read _MAP(ITST ID:3600)
2021-10-15 21:49:37.162,read _RSA(FID:05 FF )
2021-10-15 21:49:37.192,read _SPaT(ITST ID:3600 Digital Media City) 70
2021-10-15 21:49:37.330,read _SPaT(ITST ID:3600 Digital Media City) 70
2021-10-15 21:49:37.352,read _RSA(FID:05 FF )
2021-10-15 21:49:37.425,read _RSA(FID:05 FF )
2021-10-15 21:49:37.431,read _RSA(FID:05 FF )
2021-10-15 21:49:37.548,read _RTCM
2021-10-15 21:49:37.670,read _RSA(FID:5A FF )
2021-10-15 21:49:37.693,read _SPaT(ITST ID:3600 Digital Media City) 70
2021-10-15 21:49:37.694,read _RSA(FID:5A FF )
2021-10-15 21:49:37.694,read _RSA(FID:5A FF )
2021-10-15 21:49:37.702,read _TIM(FID:01 FF )
2021-10-15 21:49:37.736,read _RSA(FID:5A FF )
2021-10-15 21:49:37.737,read _RSA(FID:5A FF )
2021-10-15 21:49:37.737,read _RSA(FID:5A FF )
2021-10-15 21:49:37.737,read _RSA(FID:5A FF )
2021-10-15 21:49:37.737,read _RSA(FID:5A FF )
2021-10-15 21:49:37.763,read _RSA(FID:5A FF )
2021-10-15 21:49:37.772,read _RSA(FID:5A FF )
2021-10-15 21:49:37.772,read _RSA(FID:5A FF )
2021-10-15 21:49:37.773,read _RSA(FID:5A FF )
2021-10-15 21:49:37.895,read _SPaT(ITST ID:3600 Digital Media City) 70
2021-10-15 21:49:37.962,read _RSA(FID:5A FF )
2021-10-15 21:49:38.107,read _SPaT(ITST ID:3600 Digital Media City) 70
2021-10-15 21:49:38.149,read _RSA(FID:05 FF )
2021-10-15 21:49:38.191,read _MAP(ITST ID:3186)
2021-10-15 21:49:38.250,read _RSA(FID:08 FF )
2021-10-15 21:49:38.278,read _RSA(FID:08 FF )
2021-10-15 21:49:38.279,read _RSA(FID:08 FF )
2021-10-15 21:49:38.295,read _SPaT(ITST ID:3186 Sangam SBS) 70
2021-10-15 21:49:38.499,read _SPaT(ITST ID:3186 Sangam SBS) 70
2021-10-15 21:49:38.530,read _RTCM
2021-10-15 21:49:38.728,read _SPaT(ITST ID:3186 Sangam SBS) 70
2021-10-15 21:49:38.821,read _RSA(FID:5A FF )
2021-10-15 21:49:38.821,read _RSA(FID:5A FF )
2021-10-15 21:49:38.839,read _RSA(FID:5A FF )
2021-10-15 21:49:38.839,read _RSA(FID:5A FF )
2021-10-15 21:49:38.839,read _RSA(FID:5A FF )
2021-10-15 21:49:38.840,read _RSA(FID:5A FF )
2021-10-15 21:49:38.840,read _RSA(FID:5A FF )
2021-10-15 21:49:38.840,read _RSA(FID:5A FF )
2021-10-15 21:49:38.947,read _RSA(FID:5A FF )
2021-10-15 21:49:39.081,read _MAP(ITST ID:3186)
2021-10-15 21:49:39.104,read _SPaT(ITST ID:3186 Sangam SBS) 70
2021-10-15 21:49:39.123,read _SPaT(ITST ID:3186 Sangam SBS) 70
2021-10-15 21:49:39.167,read _RSA(FID:05 FF )
2021-10-15 21:49:39.247,read _RSA(FID:08 FF )
2021-10-15 21:49:39.263,read _RSA(FID:08 FF )
2021-10-15 21:49:39.302,read _SPaT(ITST ID:3186 Sangam SBS) 70
2021-10-15 21:49:39.501,read _SPaT(ITST ID:3186 Sangam SBS) 70
2021-10-15 21:49:39.799,read _RTCM
2021-10-15 21:49:39.799,read _SPaT(ITST ID:3186 Sangam SBS) 70
2021-10-15 21:49:39.867,read _RSA(FID:5A FF )
2021-10-15 21:49:39.867,read _RSA(FID:5A FF )
2021-10-15 21:49:39.868,read _RSA(FID:5A FF )
2021-10-15 21:49:39.868,read _RSA(FID:5A FF )
2021-10-15 21:49:39.868,read _RSA(FID:5A FF )
2021-10-15 21:49:39.868,read _RSA(FID:5A FF )
2021-10-15 21:49:39.868,read _RSA(FID:5A FF )
2021-10-15 21:49:39.882,read _RSA(FID:5A FF )
2021-10-15 21:49:39.947,read _RSA(FID:5A FF )
2021-10-15 21:49:40.157,read _MAP(ITST ID:3186)
2021-10-15 21:49:40.182,read _SPaT(ITST ID:3186 Sangam SBS) 70
2021-10-15 21:49:40.213,read _RSA(FID:05 FF )
2021-10-15 21:49:40.224,read _SPaT(ITST ID:3186 Sangam SBS) 70
2021-10-15 21:49:40.260,read _RSA(FID:08 FF )
2021-10-15 21:49:40.320,read _SPaT(ITST ID:3186 Sangam SBS) 70
2021-10-15 21:49:40.510,read _SPaT(ITST ID:3186 Sangam SBS) 70
2021-10-15 21:49:40.533,read _RTCM
2021-10-15 21:49:40.719,read _RSA(FID:5A FF )
2021-10-15 21:49:40.739,read _RSA(FID:5A FF )
2021-10-15 21:49:40.739,read _RSA(FID:5A FF )
2021-10-15 21:49:40.739,read _RSA(FID:5A FF )
2021-10-15 21:49:40.739,read _RSA(FID:5A FF )
2021-10-15 21:49:40.759,read _RSA(FID:5A FF )
2021-10-15 21:49:40.759,read _RSA(FID:5A FF )
2021-10-15 21:49:40.762,read _SPaT(ITST ID:3186 Sangam SBS) 70
2021-10-15 21:49:40.957,read _RSA(FID:5A FF )
2021-10-15 21:49:41.095,read _MAP(ITST ID:3186)
2021-10-15 21:49:41.108,read _SPaT(ITST ID:3186 Sangam SBS) 70
2021-10-15 21:49:41.172,read _SPaT(ITST ID:3186 Sangam SBS) 70
2021-10-15 21:49:41.182,read _RSA(FID:05 FF )
2021-10-15 21:49:41.249,read _RSA(FID:08 FF )
2021-10-15 21:49:41.344,read _SPaT(ITST ID:3186 Sangam SBS) 70
2021-10-15 21:49:41.546,read _RTCM
2021-10-15 21:49:41.546,read _SPaT(ITST ID:3186 Sangam SBS) 70
2021-10-15 21:49:41.729,read _SPaT(ITST ID:3186 Sangam SBS) 70
2021-10-15 21:49:41.857,read _RSA(FID:5A FF )
2021-10-15 21:49:41.857,read _RSA(FID:5A FF )
2021-10-15 21:49:42.038,read _RSA(FID:5A FF )
2021-10-15 21:49:42.038,read _RSA(FID:5A FF )
2021-10-15 21:49:42.039,read _RSA(FID:5A FF )
2021-10-15 21:49:42.039,read _RSA(FID:5A FF )
2021-10-15 21:49:42.039,read _RSA(FID:5A FF )
2021-10-15 21:49:42.040,read _RSA(FID:5A FF )
2021-10-15 21:49:42.088,read _MAP(ITST ID:3186)
2021-10-15 21:49:42.114,read _SPaT(ITST ID:3186 Sangam SBS) 70
2021-10-15 21:49:42.136,read _SPaT(ITST ID:3186 Sangam SBS) 70
2021-10-15 21:49:42.263,read _RSA(FID:05 FF )
2021-10-15 21:49:42.329,read _SPaT(ITST ID:3186 Sangam SBS) 70
2021-10-15 21:49:42.539,read _RTCM
2021-10-15 21:49:42.677,read _SPaT(ITST ID:3186 Sangam SBS) 70
2021-10-15 21:49:42.862,read _RSA(FID:5A FF )
2021-10-15 21:49:42.872,read _RSA(FID:5A FF )
2021-10-15 21:49:42.872,read _RSA(FID:5A FF )
2021-10-15 21:49:42.887,read _RSA(FID:5A FF )
2021-10-15 21:49:42.887,read _RSA(FID:5A FF )
2021-10-15 21:49:42.887,read _RSA(FID:5A FF )
2021-10-15 21:49:43.047,read _SPaT(ITST ID:3186 Sangam SBS) 70
2021-10-15 21:49:43.048,read _SPaT(ITST ID:3186 Sangam SBS) 70
2021-10-15 21:49:43.135,read _RSA(FID:5A FF )
2021-10-15 21:49:43.162,read _SPaT(ITST ID:3186 Sangam SBS) 70
2021-10-15 21:49:43.179,read _RSA(FID:05 FF )
2021-10-15 21:49:43.258,read _RSA(FID:08 FF )
2021-10-15 21:49:43.274,read _RSA(FID:08 FF )
2021-10-15 21:49:43.349,read _SPaT(ITST ID:3186 Sangam SBS) 70
2021-10-15 21:49:43.637,read _RTCM
2021-10-15 21:49:43.638,read _SPaT(ITST ID:3186 Sangam SBS) 70
2021-10-15 21:49:43.719,read _RSA(FID:5A FF )
2021-10-15 21:49:43.735,read _RSA(FID:5A FF )
2021-10-15 21:49:43.736,read _RSA(FID:5A FF )
2021-10-15 21:49:43.739,read _RSA(FID:5A FF )
2021-10-15 21:49:43.740,read _RSA(FID:5A FF )
2021-10-15 21:49:43.741,read _RSA(FID:5A FF )
2021-10-15 21:49:44.049,read _SPaT(ITST ID:3186 Sangam SBS) 70
2021-10-15 21:49:44.320,read _SPaT(ITST ID:3186 Sangam SBS) 70
2021-10-15 21:49:44.321,read _SPaT(ITST ID:3186 Sangam SBS) 70
2021-10-15 21:49:44.321,read _RSA(FID:05 FF )
2021-10-15 21:49:44.359,read _SPaT(ITST ID:3186 Sangam SBS) 70
2021-10-15 21:49:44.361,read _RSA(FID:08 FF )
2021-10-15 21:49:44.381,read _RSA(FID:08 FF )
2021-10-15 21:49:44.535,read _RTCM
2021-10-15 21:49:44.609,read _SPaT(ITST ID:3186 Sangam SBS) 70
2021-10-15 21:49:44.862,read _RSA(FID:5A FF )
2021-10-15 21:49:44.863,read _RSA(FID:5A FF )
2021-10-15 21:49:44.916,read _RSA(FID:5A FF )
2021-10-15 21:49:44.917,read _RSA(FID:5A FF )
2021-10-15 21:49:44.917,read _RSA(FID:5A FF )
2021-10-15 21:49:45.144,read _SPaT(ITST ID:3186 Sangam SBS) 70
2021-10-15 21:49:45.236,read _SPaT(ITST ID:3186 Sangam SBS) 70
2021-10-15 21:49:45.236,read _RSA(FID:05 FF )
2021-10-15 21:49:45.237,read _SPaT(ITST ID:3186 Sangam SBS) 70
2021-10-15 21:49:45.364,read _RSA(FID:08 FF )
2021-10-15 21:49:45.365,read _SPaT(ITST ID:3186 Sangam SBS) 70
2021-10-15 21:49:45.542,read _RTCM
2021-10-15 21:49:45.589,read _SPaT(ITST ID:3186 Sangam SBS) 70
2021-10-15 21:49:45.783,read _RSA(FID:5A FF )
2021-10-15 21:49:45.800,read _RSA(FID:5A FF )
2021-10-15 21:49:45.876,read _RSA(FID:5A FF )
2021-10-15 21:49:45.876,read _RSA(FID:5A FF )
2021-10-15 21:49:45.876,read _RSA(FID:5A FF )
2021-10-15 21:49:46.070,read _SPaT(ITST ID:3186 Sangam SBS) 70
2021-10-15 21:49:46.070,read _SPaT(ITST ID:3186 Sangam SBS) 70
2021-10-15 21:49:46.199,read _SPaT(ITST ID:3186 Sangam SBS) 70
2021-10-15 21:49:46.240,read _RSA(FID:08 FF )
2021-10-15 21:49:46.383,read _SPaT(ITST ID:3186 Sangam SBS) 70
2021-10-15 21:49:46.836,read _RTCM
2021-10-15 21:49:46.836,read _RSA(FID:5A FF )
2021-10-15 21:49:46.836,read _RSA(FID:5A FF )
2021-10-15 21:49:46.864,read _RSA(FID:5A FF )
2021-10-15 21:49:46.864,read _RSA(FID:5A FF )
2021-10-15 21:49:46.888,read _SPaT(ITST ID:3186 Sangam SBS) 70
2021-10-15 21:49:47.137,read _SPaT(ITST ID:3186 Sangam SBS) 70
2021-10-15 21:49:47.155,read _SPaT(ITST ID:3186 Sangam SBS) 70
2021-10-15 21:49:47.166,read _MAP(ITST ID:3186)
2021-10-15 21:49:47.195,read _SPaT(ITST ID:3186 Sangam SBS) 70
2021-10-15 21:49:47.245,read _RSA(FID:08 FF )
2021-10-15 21:49:47.245,read _RSA(FID:08 FF )
2021-10-15 21:49:47.378,read _SPaT(ITST ID:3186 Sangam SBS) 70
2021-10-15 21:49:47.535,read _RTCM
2021-10-15 21:49:47.721,read _SPaT(ITST ID:3186 Sangam SBS) 70
2021-10-15 21:49:47.765,read _RSA(FID:5A FF )
2021-10-15 21:49:47.853,read _RSA(FID:5A FF )
2021-10-15 21:49:48.115,read _RSA(FID:5A FF )
2021-10-15 21:49:48.115,read _RSA(FID:5A FF )
2021-10-15 21:49:48.152,read _SPaT(ITST ID:3186 Sangam SBS) 70
2021-10-15 21:49:48.155,read _SPaT(ITST ID:3186 Sangam SBS) 70
2021-10-15 21:49:48.156,read _MAP(ITST ID:3186)
2021-10-15 21:49:48.227,read _SPaT(ITST ID:3186 Sangam SBS) 70
2021-10-15 21:49:48.239,read _RSA(FID:08 FF )
2021-10-15 21:49:48.409,read _SPaT(ITST ID:3186 Sangam SBS) 70
2021-10-15 21:49:48.532,read _RTCM
2021-10-15 21:49:48.638,read _SPaT(ITST ID:3186 Sangam SBS) 70
2021-10-15 21:49:48.815,read _RSA(FID:5A FF )
2021-10-15 21:49:48.823,read _RSA(FID:5A FF )
2021-10-15 21:49:48.824,read _RSA(FID:5A FF )
2021-10-15 21:49:48.838,read _RSA(FID:5A FF )
2021-10-15 21:49:49.107,read _MAP(ITST ID:3186)
2021-10-15 21:49:49.108,read _SPaT(ITST ID:3186 Sangam SBS) 70
2021-10-15 21:49:49.108,read _SPaT(ITST ID:3186 Sangam SBS) 70
2021-10-15 21:49:49.233,read _SPaT(ITST ID:3186 Sangam SBS) 70
2021-10-15 21:49:49.436,read _SPaT(ITST ID:3186 Sangam SBS) 70
2021-10-15 21:49:49.536,read _RTCM
2021-10-15 21:49:49.737,read _SPaT(ITST ID:3186 Sangam SBS) 70
2021-10-15 21:49:49.836,read _RSA(FID:5A FF )
2021-10-15 21:49:49.843,read _RSA(FID:5A FF )
2021-10-15 21:49:50.034,read _RSA(FID:5A FF )
2021-10-15 21:49:50.034,read _RSA(FID:5A FF )
2021-10-15 21:49:50.034,read _RSA(FID:5A FF )
2021-10-15 21:49:50.093,read _SPaT(ITST ID:3186 Sangam SBS) 70
2021-10-15 21:49:50.094,read _SPaT(ITST ID:3186 Sangam SBS) 70
2021-10-15 21:49:50.239,read _SPaT(ITST ID:3186 Sangam SBS) 70
2021-10-15 21:49:50.422,read _SPaT(ITST ID:3186 Sangam SBS) 70
2021-10-15 21:49:50.673,read _RTCM
2021-10-15 21:49:50.718,read _SPaT(ITST ID:3186 Sangam SBS) 70
2021-10-15 21:49:50.806,read _RSA(FID:5A FF )
2021-10-15 21:49:50.831,read _RSA(FID:5A FF )
2021-10-15 21:49:50.831,read _RSA(FID:5A FF )
2021-10-15 21:49:50.831,read _RSA(FID:5A FF )
2021-10-15 21:49:50.858,read _RSA(FID:5A FF )
2021-10-15 21:49:51.086,read _SPaT(ITST ID:3186 Sangam SBS) 70
2021-10-15 21:49:51.313,read _SPaT(ITST ID:3186 Sangam SBS) 70
2021-10-15 21:49:51.313,read _SPaT(ITST ID:3186 Sangam SBS) 70
2021-10-15 21:49:51.431,read _SPaT(ITST ID:3186 Sangam SBS) 70
2021-10-15 21:49:51.546,read _RTCM
2021-10-15 21:49:51.805,read _SPaT(ITST ID:3186 Sangam SBS) 70
2021-10-15 21:49:51.806,read _RSA(FID:5A FF )
2021-10-15 21:49:51.836,read _RSA(FID:5A FF )
2021-10-15 21:49:51.836,read _RSA(FID:5A FF )
2021-10-15 21:49:51.837,read _RSA(FID:5A FF )
2021-10-15 21:49:51.953,read _RSA(FID:5A FF )
2021-10-15 21:49:51.953,read _RSA(FID:5A FF )
2021-10-15 21:49:51.953,read _RSA(FID:5A FF )
2021-10-15 21:49:52.089,read _SPaT(ITST ID:3186 Sangam SBS) 70
2021-10-15 21:49:52.090,read _SPaT(ITST ID:3186 Sangam SBS) 70
2021-10-15 21:49:52.246,read _SPaT(ITST ID:3186 Sangam SBS) 70
2021-10-15 21:49:52.438,read _SPaT(ITST ID:3186 Sangam SBS) 70
2021-10-15 21:49:52.527,read _RTCM
2021-10-15 21:49:52.724,read _SPaT(ITST ID:3186 Sangam SBS) 70
2021-10-15 21:49:53.232,read _RSA(FID:5A FF )
2021-10-15 21:49:53.232,read _RSA(FID:5A FF )
2021-10-15 21:49:53.232,read _RSA(FID:5A FF )
2021-10-15 21:49:53.233,read _RSA(FID:5A FF )
2021-10-15 21:49:53.256,read _SPaT(ITST ID:3186 Sangam SBS) 70
2021-10-15 21:49:53.256,read _SPaT(ITST ID:3186 Sangam SBS) 70
2021-10-15 21:49:53.277,read _SPaT(ITST ID:3186 Sangam SBS) 70
2021-10-15 21:49:53.467,read _SPaT(ITST ID:3186 Sangam SBS) 70
2021-10-15 21:49:53.553,read _RTCM
2021-10-15 21:49:53.758,read _SPaT(ITST ID:3186 Sangam SBS) 70
2021-10-15 21:49:53.807,read _RSA(FID:5A FF )
2021-10-15 21:49:54.112,read _SPaT(ITST ID:3186 Sangam SBS) 70
2021-10-15 21:49:54.113,read _SPaT(ITST ID:3186 Sangam SBS) 70
2021-10-15 21:49:54.255,read _RSA(FID:05 FF )
2021-10-15 21:49:54.273,read _SPaT(ITST ID:3186 Sangam SBS) 70
2021-10-15 21:49:54.473,read _SPaT(ITST ID:3186 Sangam SBS) 70
2021-10-15 21:49:54.547,read _RTCM
2021-10-15 21:49:54.839,read _SPaT(ITST ID:3186 Sangam SBS) 70
2021-10-15 21:49:55.027,read _RSA(FID:5A FF )
2021-10-15 21:49:55.126,read _SPaT(ITST ID:3186 Sangam SBS) 70
2021-10-15 21:49:55.154,read _SPaT(ITST ID:3186 Sangam SBS) 70
2021-10-15 21:49:55.275,read _SPaT(ITST ID:3186 Sangam SBS) 70
2021-10-15 21:49:55.491,read _SPaT(ITST ID:3186 Sangam SBS) 70
2021-10-15 21:49:55.554,read _RTCM
2021-10-15 21:49:55.831,read _SPaT(ITST ID:3186 Sangam SBS) 70
2021-10-15 21:49:55.831,read _RSA(FID:5A FF )
2021-10-15 21:49:56.109,read _SPaT(ITST ID:3186 Sangam SBS) 70
2021-10-15 21:49:56.137,read _SPaT(ITST ID:3186 Sangam SBS) 70
2021-10-15 21:49:56.422,read _RSA(FID:05 FF )
2021-10-15 21:49:56.587,read _RTCM
2021-10-15 21:49:56.587,read _SPaT(ITST ID:3186 Sangam SBS) 70
2021-10-15 21:49:56.588,read _SPaT(ITST ID:3186 Sangam SBS) 70
2021-10-15 21:49:56.923,read _RSA(FID:5A FF )
2021-10-15 21:49:56.924,read _SPaT(ITST ID:3186 Sangam SBS) 70
2021-10-15 21:49:57.113,read _SPaT(ITST ID:3186 Sangam SBS) 70
2021-10-15 21:49:57.114,read _SPaT(ITST ID:3186 Sangam SBS) 70
2021-10-15 21:49:57.296,read _SPaT(ITST ID:3186 Sangam SBS) 70
2021-10-15 21:49:57.506,read _SPaT(ITST ID:3186 Sangam SBS) 70
2021-10-15 21:49:57.525,read _RTCM
2021-10-15 21:49:57.741,read _SPaT(ITST ID:3186 Sangam SBS) 70
2021-10-15 21:49:57.846,read _RSA(FID:5A FF )
2021-10-15 21:49:58.139,read _SPaT(ITST ID:3186 Sangam SBS) 70
2021-10-15 21:49:58.152,read _SPaT(ITST ID:3186 Sangam SBS) 70
2021-10-15 21:49:58.329,read _SPaT(ITST ID:3186 Sangam SBS) 70
2021-10-15 21:49:58.330,read _RSA(FID:05 FF )
2021-10-15 21:49:58.669,read _RTCM
2021-10-15 21:49:58.670,read _SPaT(ITST ID:3186 Sangam SBS) 70
2021-10-15 21:49:58.773,read _SPaT(ITST ID:3186 Sangam SBS) 70
2021-10-15 21:49:58.982,read _RSA(FID:5A FF )
2021-10-15 22:01:46.198,read _RTCM
2021-10-15 22:01:47.186,read _RTCM
2021-10-15 22:01:48.199,read _RTCM
2021-10-15 22:01:55.449,read _RTCM
2021-10-15 22:01:56.185,read _RTCM
2021-10-15 22:17:20.739,read _RTCM
2021-10-15 22:17:21.696,read _RTCM
2021-10-15 22:17:22.704,read _RTCM
2021-10-15 22:17:23.684,read _RTCM
2021-10-15 22:17:24.685,read _RTCM
2021-10-15 22:17:25.691,read _RTCM
2021-10-15 22:17:26.690,read _RTCM
2021-10-15 22:17:27.685,read _RTCM
2021-10-15 22:17:28.696,read _RTCM
2021-10-15 22:17:29.689,read _RTCM
2021-10-15 22:17:30.686,read _RTCM
2021-10-15 22:17:31.688,read _RTCM
2021-10-15 22:17:32.688,read _RTCM
2021-10-15 22:17:33.694,read _RTCM
2021-10-15 22:17:34.698,read _RTCM
2021-10-15 22:17:35.694,read _RTCM
2021-10-15 22:17:36.691,read _RTCM
2021-10-15 22:17:37.729,read _RTCM
2021-10-15 22:17:38.685,read _RTCM
2021-10-15 22:17:39.681,read _RTCM
2021-10-15 22:17:40.867,read _RTCM
2021-10-15 22:17:41.677,read _RTCM
2021-10-15 22:17:42.689,read _RTCM
2021-10-15 22:17:43.785,read _RTCM
2021-10-15 22:17:44.689,read _RTCM
2021-10-15 22:17:45.691,read _RTCM
2021-10-15 22:17:46.683,read _RTCM
2021-10-15 22:17:47.673,read _RTCM
2021-10-15 22:17:48.678,read _RTCM
2021-10-15 22:17:49.676,read _RTCM
2021-10-15 22:17:50.681,read _RTCM
2021-10-15 22:17:51.680,read _RTCM
2021-10-15 22:17:52.680,read _RTCM
2021-10-15 22:17:53.665,read _RTCM
2021-10-15 22:17:54.678,read _RTCM
2021-10-15 22:17:55.899,read _RTCM
2021-10-15 22:17:56.684,read _RTCM
2021-10-15 22:17:57.679,read _RTCM
2021-10-15 22:17:58.686,read _RTCM
2021-10-15 22:17:59.685,read _RTCM
2021-10-15 22:18:00.689,read _RTCM
2021-10-15 22:18:01.689,read _RTCM
2021-10-15 22:18:02.678,read _RTCM
2021-10-15 22:18:03.675,read _RTCM
2021-10-15 22:18:04.670,read _RTCM
2021-10-15 22:18:05.670,read _RTCM
2021-10-15 22:18:06.672,read _RTCM
2021-10-15 22:18:07.669,read _RTCM
2021-10-15 22:18:08.666,read _RTCM
2021-10-15 22:18:09.673,read _RTCM
2021-10-15 22:18:10.682,read _RTCM
2021-10-15 22:18:11.669,read _RTCM
2021-10-15 22:18:12.666,read _RTCM
2021-10-15 22:18:13.671,read _RTCM
2021-10-15 22:18:14.671,read _RTCM
2021-10-15 22:18:15.667,read _RTCM
2021-10-15 22:18:16.672,read _RTCM
2021-10-15 22:18:17.675,read _RTCM
2021-10-15 22:18:18.677,read _RTCM
2021-10-15 22:18:19.661,read _RTCM
2021-10-15 22:18:20.670,read _RTCM
2021-10-15 22:18:21.659,read _RTCM
2021-10-15 22:18:22.659,read _RTCM
2021-10-15 22:18:23.661,read _RTCM
2021-10-15 22:18:24.663,read _RTCM
2021-10-15 22:18:25.658,read _RTCM
2021-10-15 22:18:26.660,read _RTCM
2021-10-15 22:18:27.663,read _RTCM
2021-10-15 22:18:28.659,read _RTCM
2021-10-15 22:18:29.653,read _RTCM
2021-10-15 22:18:30.669,read _RTCM
2021-10-15 22:18:31.652,read _RTCM
2021-10-15 22:18:32.662,read _RTCM
2021-10-15 22:18:33.653,read _RTCM
2021-10-15 22:18:34.663,read _RTCM
2021-10-15 22:18:35.662,read _RTCM
2021-10-15 22:18:36.662,read _RTCM
2021-10-15 22:18:37.659,read _RTCM
2021-10-15 22:18:38.660,read _RTCM
2021-10-15 22:18:39.657,read _RTCM
2021-10-15 22:18:40.676,read _RTCM
2021-10-15 22:18:41.657,read _RTCM
2021-10-15 22:18:42.659,read _RTCM
2021-10-15 22:18:43.651,read _RTCM
2021-10-15 22:18:44.655,read _RTCM
2021-10-15 22:18:45.648,read _RTCM
2021-10-15 22:18:46.656,read _RTCM
2021-10-15 22:18:47.651,read _RTCM
2021-10-15 22:18:48.656,read _RTCM
2021-10-15 22:18:49.645,read _RTCM
2021-10-15 22:18:50.649,read _RTCM
2021-10-15 22:18:51.648,read _RTCM
2021-10-15 22:18:52.650,read _RTCM
2021-10-15 22:18:53.650,read _RTCM
2021-10-15 22:18:54.652,read _RTCM
2021-10-15 22:18:55.708,read _RTCM
2021-10-15 22:18:56.653,read _RTCM
2021-10-15 22:18:57.639,read _RTCM
2021-10-15 22:18:58.654,read _RTCM
2021-10-15 22:18:59.643,read _RTCM
2021-10-15 22:19:00.648,read _RTCM
2021-10-15 22:19:01.641,read _RTCM
2021-10-15 22:19:02.655,read _RTCM
2021-10-15 22:19:03.633,read _RTCM
2021-10-15 22:19:04.637,read _RTCM
2021-10-15 22:19:05.638,read _RTCM
2021-10-15 22:19:06.639,read _RTCM
2021-10-15 22:19:07.640,read _RTCM
2021-10-15 22:19:08.632,read _RTCM
2021-10-15 22:19:09.638,read _RTCM
2021-10-15 22:19:10.741,read _RTCM
2021-10-15 22:19:11.637,read _RTCM
2021-10-15 22:19:12.644,read _RTCM
2021-10-15 22:19:13.631,read _RTCM
2021-10-15 22:19:14.659,read _RTCM
2021-10-15 22:19:15.639,read _RTCM
2021-10-15 22:19:16.631,read _RTCM
2021-10-15 22:19:17.650,read _RTCM
2021-10-15 22:19:18.627,read _RTCM
2021-10-15 22:19:19.621,read _RTCM
2021-10-15 22:19:20.640,read _RTCM
2021-10-15 22:19:21.632,read _RTCM
2021-10-15 22:19:22.629,read _RTCM
2021-10-15 22:19:23.629,read _RTCM
2021-10-15 22:19:24.627,read _RTCM
2021-10-15 22:19:25.773,read _RTCM
2021-10-15 22:19:26.624,read _RTCM
2021-10-15 22:19:27.631,read _RTCM
2021-10-15 22:19:28.632,read _RTCM
2021-10-15 22:19:29.622,read _RTCM
2021-10-15 22:19:30.630,read _RTCM
2021-10-15 22:19:31.624,read _RTCM
2021-10-15 22:19:32.697,read _RTCM
2021-10-15 22:19:33.641,read _RTCM
2021-10-15 22:19:34.629,read _RTCM
2021-10-15 22:19:35.640,read _RTCM
2021-10-15 22:19:36.617,read _RTCM
2021-10-15 22:19:37.627,read _RTCM
2021-10-15 22:19:38.618,read _RTCM
2021-10-15 22:19:39.625,read _RTCM
2021-10-15 22:19:40.632,read _RTCM
2021-10-15 22:19:41.636,read _RTCM
2021-10-15 22:19:42.628,read _RTCM
2021-10-15 22:19:43.624,read _RTCM
2021-10-15 22:19:44.625,read _RTCM
2021-10-15 22:19:45.614,read _RTCM
2021-10-15 22:19:46.620,read _RTCM
2021-10-15 22:19:47.634,read _RTCM
2021-10-15 22:19:48.616,read _RTCM
2021-10-15 22:19:49.618,read _RTCM
2021-10-15 22:19:50.611,read _RTCM
2021-10-15 22:19:51.623,read _RTCM
2021-10-15 22:19:52.619,read _RTCM
2021-10-15 22:19:53.615,read _RTCM
2021-10-15 22:19:54.619,read _RTCM
2021-10-15 22:19:55.838,read _RTCM
2021-10-15 22:19:56.622,read _RTCM
2021-10-15 22:19:57.606,read _RTCM
2021-10-15 22:19:58.612,read _RTCM
2021-10-15 22:19:59.619,read _RTCM
2021-10-15 22:20:00.622,read _RTCM
2021-10-15 22:20:01.638,read _RTCM
2021-10-15 22:20:02.604,read _RTCM
2021-10-15 22:20:03.602,read _RTCM
2021-10-15 22:20:04.604,read _RTCM
2021-10-15 22:20:05.609,read _RTCM
2021-10-15 22:20:06.611,read _RTCM
2021-10-15 22:20:07.609,read _RTCM
2021-10-15 22:20:08.599,read _RTCM
2021-10-15 22:20:09.655,read _RTCM
2021-10-15 22:20:10.870,read _RTCM
2021-10-15 22:20:11.613,read _RTCM
2021-10-15 22:20:12.617,read _RTCM
2021-10-15 22:20:13.607,read _RTCM
2021-10-15 22:20:14.604,read _RTCM
2021-10-15 22:20:15.612,read _RTCM
2021-10-15 22:20:16.623,read _RTCM
2021-10-15 22:20:17.616,read _RTCM
2021-10-15 22:20:18.799,read _RTCM
2021-10-15 22:20:19.617,read _RTCM
2021-10-15 22:20:20.608,read _RTCM
2021-10-15 22:20:21.600,read _RTCM
2021-10-15 22:20:22.605,read _RTCM
2021-10-15 22:20:23.597,read _RTCM
2021-10-15 22:20:24.609,read _RTCM
2021-10-15 22:20:25.903,read _RTCM
2021-10-15 22:20:26.588,read _RTCM
2021-10-15 22:20:27.598,read _RTCM
2021-10-15 22:20:28.593,read _RTCM
2021-10-15 22:20:29.602,read _RTCM
2021-10-15 22:20:30.595,read _RTCM
2021-10-15 22:20:31.593,read _RTCM
2021-10-15 22:20:32.592,read _RTCM
2021-10-15 22:20:33.599,read _RTCM
2021-10-15 22:20:34.610,read _RTCM
2021-10-15 22:20:35.592,read _RTCM
2021-10-15 22:20:36.591,read _RTCM
2021-10-15 22:20:37.594,read _RTCM
2021-10-15 22:20:38.597,read _RTCM
2021-10-15 22:20:39.593,read _RTCM
2021-10-15 22:20:40.616,read _RTCM
2021-10-15 22:20:41.621,read _RTCM
2021-10-15 22:20:42.601,read _RTCM
2021-10-15 22:20:43.583,read _RTCM
2021-10-15 22:20:44.597,read _RTCM
2021-10-15 22:20:45.595,read _RTCM
2021-10-15 22:20:46.595,read _RTCM
2021-10-15 22:20:47.583,read _RTCM
2021-10-15 22:20:48.597,read _RTCM
2021-10-15 22:20:49.582,read _RTCM
2021-10-15 22:20:50.596,read _RTCM
2021-10-15 22:20:51.588,read _RTCM
2021-10-15 22:20:52.590,read _RTCM
2021-10-15 22:20:53.585,read _RTCM
2021-10-15 22:20:54.589,read _RTCM
2021-10-15 22:20:55.647,read _RTCM
2021-10-15 22:20:56.587,read _RTCM
2021-10-15 22:20:57.581,read _RTCM
2021-10-15 22:20:58.625,read _RTCM
2021-10-15 22:20:59.592,read _RTCM
2021-10-15 22:21:00.586,read _RTCM
2021-10-15 22:21:01.604,read _RTCM
2021-10-15 22:21:02.593,read _RTCM
2021-10-15 22:21:03.577,read _RTCM
2021-10-15 22:21:04.580,read _RTCM
2021-10-15 22:21:05.594,read _RTCM
2021-10-15 22:21:06.572,read _RTCM
2021-10-15 22:21:07.577,read _RTCM
2021-10-15 22:21:08.589,read _RTCM
2021-10-15 22:21:09.576,read _RTCM
2021-10-15 22:21:10.679,read _RTCM
2021-10-15 22:21:11.581,read _RTCM
2021-10-15 22:21:12.585,read _RTCM
2021-10-15 22:21:13.572,read _RTCM
2021-10-15 22:21:14.579,read _RTCM
2021-10-15 22:21:15.585,read _RTCM
2021-10-15 22:21:16.577,read _RTCM
2021-10-15 22:21:17.572,read _RTCM
2021-10-15 22:21:18.582,read _RTCM
2021-10-15 22:21:19.694,read _RTCM
2021-10-15 22:21:20.576,read _RTCM
2021-10-15 22:21:21.568,read _RTCM
2021-10-15 22:21:22.570,read _RTCM
2021-10-15 22:21:23.566,read _RTCM
2021-10-15 22:21:24.577,read _RTCM
2021-10-15 22:21:25.574,read _RTCM
2021-10-15 22:21:26.566,read _RTCM
2021-10-15 22:21:27.569,read _RTCM
2021-10-15 22:21:28.579,read _RTCM
2021-10-15 22:21:29.561,read _RTCM
2021-10-15 22:21:30.579,read _RTCM
2021-10-15 22:21:31.576,read _RTCM
2021-10-15 22:21:32.570,read _RTCM
2021-10-15 22:21:33.566,read _RTCM
2021-10-15 22:21:34.569,read _RTCM
2021-10-15 22:21:35.570,read _RTCM
2021-10-15 22:21:36.579,read _RTCM
2021-10-15 22:21:37.569,read _RTCM
2021-10-15 22:21:38.569,read _RTCM
2021-10-15 22:21:39.556,read _RTCM
2021-10-15 22:21:40.745,read _RTCM
2021-10-15 22:21:41.578,read _RTCM
2021-10-15 22:21:42.572,read _RTCM
2021-10-15 22:21:43.557,read _RTCM
2021-10-15 22:21:44.562,read _RTCM
2021-10-15 22:21:45.563,read _RTCM
2021-10-15 22:21:46.557,read _RTCM
2021-10-15 22:21:47.570,read _RTCM
2021-10-15 22:21:48.557,read _RTCM
2021-10-15 22:21:49.564,read _RTCM
2021-10-15 22:21:50.569,read _RTCM
2021-10-15 22:21:51.560,read _RTCM
2021-10-15 22:21:52.559,read _RTCM
2021-10-15 22:21:53.556,read _RTCM
2021-10-15 22:21:54.586,read _RTCM
2021-10-15 22:21:55.563,read _RTCM
2021-10-15 22:21:56.550,read _RTCM
2021-10-15 22:21:57.550,read _RTCM
2021-10-15 22:21:58.557,read _RTCM
2021-10-15 22:21:59.553,read _RTCM
2021-10-15 22:22:00.551,read _RTCM
2021-10-15 22:22:01.556,read _RTCM
2021-10-15 22:22:02.552,read _RTCM
2021-10-15 22:22:03.556,read _RTCM
2021-10-15 22:22:04.603,read _RTCM
2021-10-15 22:22:05.544,read _RTCM
2021-10-15 22:22:06.547,read _RTCM
2021-10-15 22:22:07.554,read _RTCM
2021-10-15 22:22:08.545,read _RTCM
2021-10-15 22:22:09.550,read _RTCM
2021-10-15 22:22:10.811,read _RTCM
2021-10-15 22:22:11.552,read _RTCM
2021-10-15 22:22:12.555,read _RTCM
2021-10-15 22:22:13.544,read _RTCM
2021-10-15 22:22:14.542,read _RTCM
2021-10-15 22:22:15.541,read _RTCM
2021-10-15 22:22:16.539,read _RTCM
2021-10-15 22:22:17.547,read _RTCM
2021-10-15 22:22:18.539,read _RTCM
2021-10-15 22:22:19.549,read _RTCM
2021-10-15 22:22:20.550,read _RTCM
2021-10-15 22:22:21.530,read _RTCM
2021-10-15 22:22:22.547,read _RTCM
2021-10-15 22:22:23.534,read _RTCM
2021-10-15 22:22:24.543,read _RTCM
2021-10-15 22:22:25.842,read _RTCM
2021-10-15 22:22:26.542,read _RTCM
2021-10-15 22:22:27.524,read _RTCM
2021-10-15 22:22:28.552,read _RTCM
2021-10-15 22:22:29.559,read _RTCM
2021-10-15 22:22:30.530,read _RTCM
2021-10-15 22:22:31.536,read _RTCM
2021-10-15 22:22:32.595,read _RTCM
2021-10-15 22:22:33.537,read _RTCM
2021-10-15 22:22:34.526,read _RTCM
2021-10-15 22:22:35.596,read _RTCM
2021-10-15 22:22:36.538,read _RTCM
2021-10-15 22:22:37.542,read _RTCM
2021-10-15 22:22:38.525,read _RTCM
2021-10-15 22:22:39.576,read _RTCM
2021-10-15 22:22:40.554,read _RTCM
2021-10-15 22:22:41.525,read _RTCM
2021-10-15 22:22:42.535,read _RTCM
2021-10-15 22:22:43.524,read _RTCM
2021-10-15 22:22:44.523,read _RTCM
2021-10-15 22:22:45.522,read _RTCM
2021-10-15 22:22:46.530,read _RTCM
2021-10-15 22:22:47.527,read _RTCM
2021-10-15 22:22:48.535,read _RTCM
2021-10-15 22:22:49.528,read _RTCM
2021-10-15 22:22:50.528,read _RTCM
2021-10-15 22:22:51.524,read _RTCM
2021-10-15 22:22:52.512,read _RTCM
2021-10-15 22:22:53.556,read _RTCM
2021-10-15 22:22:54.530,read _RTCM
2021-10-15 22:22:55.586,read _RTCM
2021-10-15 22:22:56.514,read _RTCM
2021-10-15 22:22:57.516,read _RTCM
2021-10-15 22:22:58.528,read _RTCM
2021-10-15 22:22:59.525,read _RTCM
2021-10-15 22:23:00.517,read _RTCM
2021-10-15 22:23:01.524,read _RTCM
2021-10-15 22:23:02.518,read _RTCM
2021-10-15 22:23:03.505,read _RTCM
2021-10-15 22:23:04.521,read _RTCM
2021-10-15 22:23:05.533,read _RTCM
2021-10-15 22:23:06.520,read _RTCM
2021-10-15 22:23:07.530,read _RTCM
2021-10-15 22:23:08.518,read _RTCM
2021-10-15 22:23:09.518,read _RTCM
2021-10-15 22:23:10.619,read _RTCM
2021-10-15 22:23:11.513,read _RTCM
2021-10-15 22:23:12.523,read _RTCM
2021-10-15 22:23:13.516,read _RTCM
2021-10-15 22:23:14.510,read _RTCM
2021-10-15 22:23:15.520,read _RTCM
2021-10-15 22:23:16.522,read _RTCM
2021-10-15 22:23:17.508,read _RTCM
2021-10-15 22:23:18.523,read _RTCM
2021-10-15 22:23:19.518,read _RTCM
2021-10-15 22:23:20.510,read _RTCM
2021-10-15 22:23:21.510,read _RTCM
2021-10-15 22:23:22.512,read _RTCM
2021-10-15 22:23:23.501,read _RTCM
2021-10-15 22:23:24.510,read _RTCM
2021-10-15 22:23:25.508,read _RTCM
2021-10-15 22:23:26.507,read _RTCM
2021-10-15 22:23:27.505,read _RTCM
2021-10-15 22:23:28.513,read _RTCM
2021-10-15 22:23:29.498,read _RTCM
2021-10-15 22:23:30.508,read _RTCM
2021-10-15 22:23:31.509,read _RTCM
2021-10-15 22:23:32.509,read _RTCM
2021-10-15 22:23:33.506,read _RTCM
2021-10-15 22:23:34.518,read _RTCM
2021-10-15 22:23:35.510,read _RTCM
2021-10-15 22:23:36.514,read _RTCM
2021-10-15 22:23:37.508,read _RTCM
2021-10-15 22:23:38.506,read _RTCM
2021-10-15 22:23:39.496,read _RTCM
2021-10-15 22:23:40.497,read _RTCM
2021-10-15 22:23:41.510,read _RTCM
2021-10-15 22:23:42.499,read _RTCM
2021-10-15 22:23:43.491,read _RTCM
2021-10-15 22:23:44.491,read _RTCM
2021-10-15 22:23:45.487,read _RTCM
2021-10-15 22:23:46.506,read _RTCM
2021-10-15 22:23:47.497,read _RTCM
2021-10-15 22:23:48.494,read _RTCM
2021-10-15 22:23:49.501,read _RTCM
2021-10-15 22:23:50.497,read _RTCM
2021-10-15 22:23:51.501,read _RTCM
2021-10-15 22:23:52.502,read _RTCM
2021-10-15 22:23:53.494,read _RTCM
2021-10-15 22:23:54.494,read _RTCM
2021-10-15 22:23:55.716,read _RTCM
2021-10-15 22:23:56.494,read _RTCM
2021-10-15 22:23:57.503,read _RTCM
2021-10-15 22:23:58.588,read _RTCM
2021-10-15 22:23:59.493,read _RTCM
2021-10-15 22:24:00.497,read _RTCM
2021-10-15 22:24:01.497,read _RTCM
2021-10-15 22:24:02.496,read _RTCM
2021-10-15 22:24:03.489,read _RTCM
2021-10-15 22:24:04.496,read _RTCM
2021-10-15 22:24:05.490,read _RTCM
2021-10-15 22:24:06.494,read _RTCM
2021-10-15 22:24:07.495,read _RTCM
2021-10-15 22:24:08.490,read _RTCM
2021-10-15 22:24:09.504,read _RTCM
2021-10-15 22:24:10.482,read _RTCM
2021-10-15 22:24:11.484,read _RTCM
2021-10-15 22:24:12.489,read _RTCM
2021-10-15 22:24:13.482,read _RTCM
2021-10-15 22:24:14.479,read _RTCM
2021-10-15 22:24:15.486,read _RTCM
2021-10-15 22:24:16.487,read _RTCM
2021-10-15 22:24:17.486,read _RTCM
2021-10-15 22:24:18.483,read _RTCM
2021-10-15 22:24:19.482,read _RTCM
2021-10-15 22:24:20.471,read _RTCM
2021-10-15 22:24:21.473,read _RTCM
2021-10-15 22:24:22.481,read _RTCM
2021-10-15 22:24:23.471,read _RTCM
2021-10-15 22:24:24.470,read _RTCM
2021-10-15 22:24:25.477,read _RTCM
2021-10-15 22:24:26.482,read _RTCM
2021-10-15 22:24:27.480,read _RTCM
2021-10-15 22:24:28.480,read _RTCM
2021-10-15 22:24:29.475,read _RTCM
2021-10-15 22:24:30.495,read _RTCM
2021-10-15 22:24:31.484,read _RTCM
2021-10-15 22:24:32.488,read _RTCM
2021-10-15 22:24:33.475,read _RTCM
2021-10-15 22:24:34.484,read _RTCM
2021-10-15 22:24:35.487,read _RTCM
2021-10-15 22:24:36.470,read _RTCM
2021-10-15 22:24:37.475,read _RTCM
2021-10-15 22:24:38.464,read _RTCM
2021-10-15 22:24:39.457,read _RTCM
2021-10-15 22:24:40.493,read _RTCM
2021-10-15 22:24:41.473,read _RTCM
2021-10-15 22:24:42.486,read _RTCM
2021-10-15 22:24:43.468,read _RTCM
2021-10-15 22:24:44.472,read _RTCM
2021-10-15 22:24:45.459,read _RTCM
2021-10-15 22:24:46.460,read _RTCM
2021-10-15 22:24:47.626,read _RTCM
2021-10-15 22:24:48.469,read _RTCM
2021-10-15 22:24:49.483,read _RTCM
2021-10-15 22:24:50.471,read _RTCM
2021-10-15 22:24:51.466,read _RTCM
2021-10-15 22:24:52.468,read _RTCM
2021-10-15 22:24:53.468,read _RTCM
2021-10-15 22:24:54.469,read _RTCM
2021-10-15 22:24:55.526,read _RTCM
2021-10-15 22:24:56.465,read _RTCM
2021-10-15 22:24:57.693,read _RTCM
2021-10-15 22:24:58.458,read _RTCM
2021-10-15 22:24:59.455,read _RTCM
2021-10-15 22:25:00.458,read _RTCM
2021-10-15 22:25:01.472,read _RTCM
2021-10-15 22:25:02.462,read _RTCM
2021-10-15 22:25:03.463,read _RTCM
2021-10-15 22:25:04.448,read _RTCM
2021-10-15 22:25:05.451,read _RTCM
2021-10-15 22:25:06.463,read _RTCM
2021-10-15 22:25:07.470,read _RTCM
2021-10-15 22:25:08.467,read _RTCM
2021-10-15 22:25:09.457,read _RTCM
2021-10-15 22:25:10.558,read _RTCM
2021-10-15 22:25:11.453,read _RTCM
2021-10-15 22:25:12.457,read _RTCM
2021-10-15 22:25:13.450,read _RTCM
2021-10-15 22:25:14.460,read _RTCM
2021-10-15 22:25:15.452,read _RTCM
2021-10-15 22:25:16.452,read _RTCM
2021-10-15 22:25:17.452,read _RTCM
2021-10-15 22:25:18.463,read _RTCM
2021-10-15 22:25:19.450,read _RTCM
2021-10-15 22:25:20.449,read _RTCM
2021-10-15 22:25:21.469,read _RTCM
2021-10-15 22:25:22.448,read _RTCM
2021-10-15 22:25:23.438,read _RTCM
2021-10-15 22:25:24.440,read _RTCM
2021-10-15 22:25:25.591,read _RTCM
2021-10-15 22:25:26.608,read _RTCM
2021-10-15 22:25:27.513,read _RTCM
2021-10-15 22:25:28.452,read _RTCM
2021-10-15 22:25:29.438,read _RTCM
2021-10-15 22:25:30.446,read _RTCM
2021-10-15 22:25:31.437,read _RTCM
2021-10-15 22:25:32.448,read _RTCM
2021-10-15 22:25:33.444,read _RTCM
2021-10-15 22:25:34.437,read _RTCM
2021-10-15 22:25:35.437,read _RTCM
2021-10-15 22:25:36.449,read _RTCM
2021-10-15 22:25:37.446,read _RTCM
2021-10-15 22:25:38.435,read _RTCM
2021-10-15 22:25:39.482,read _RTCM
2021-10-15 22:25:40.445,read _RTCM
2021-10-15 22:25:41.445,read _RTCM
2021-10-15 22:25:42.443,read _RTCM
2021-10-15 22:25:43.432,read _RTCM
2021-10-15 22:25:44.435,read _RTCM
2021-10-15 22:25:45.441,read _RTCM
2021-10-15 22:25:46.443,read _RTCM
2021-10-15 22:25:47.434,read _RTCM
2021-10-15 22:25:48.441,read _RTCM
2021-10-15 22:25:49.442,read _RTCM
2021-10-15 22:25:50.436,read _RTCM
2021-10-15 22:25:51.440,read _RTCM
2021-10-15 22:25:52.440,read _RTCM
2021-10-15 22:25:53.424,read _RTCM
2021-10-15 22:25:54.431,read _RTCM
2021-10-15 22:25:55.433,read _RTCM
2021-10-15 22:25:56.433,read _RTCM
2021-10-15 22:25:57.437,read _RTCM
2021-10-15 22:25:58.436,read _RTCM
2021-10-15 22:25:59.435,read _RTCM
2021-10-15 22:26:00.428,read _RTCM
2021-10-15 22:26:01.447,read _RTCM
2021-10-15 22:26:02.441,read _RTCM
2021-10-15 22:26:03.438,read _RTCM
2021-10-15 22:26:04.426,read _RTCM
2021-10-15 22:26:05.433,read _RTCM
2021-10-15 22:26:06.432,read _RTCM
2021-10-15 22:26:07.431,read _RTCM
2021-10-15 22:26:08.476,read _RTCM
2021-10-15 22:26:09.435,read _RTCM
2021-10-15 22:26:10.421,read _RTCM
2021-10-15 22:26:11.427,read _RTCM
2021-10-15 22:26:12.422,read _RTCM
2021-10-15 22:26:13.422,read _RTCM
2021-10-15 22:26:14.424,read _RTCM
2021-10-15 22:26:15.423,read _RTCM
2021-10-15 22:26:16.430,read _RTCM
2021-10-15 22:26:17.429,read _RTCM
2021-10-15 22:26:18.415,read _RTCM
2021-10-15 22:26:19.424,read _RTCM
2021-10-15 22:26:20.424,read _RTCM
2021-10-15 22:26:21.415,read _RTCM
2021-10-15 22:26:22.423,read _RTCM
2021-10-15 22:26:23.420,read _RTCM
2021-10-15 22:26:24.421,read _RTCM
2021-10-15 22:26:25.409,read _RTCM
2021-10-15 22:26:26.420,read _RTCM
2021-10-15 22:26:27.420,read _RTCM
2021-10-15 22:26:28.417,read _RTCM
2021-10-15 22:26:29.422,read _RTCM
2021-10-15 22:26:30.417,read _RTCM
2021-10-15 22:26:31.421,read _RTCM
2021-10-15 22:26:32.427,read _RTCM
2021-10-15 22:26:33.408,read _RTCM
2021-10-15 22:26:34.418,read _RTCM
2021-10-15 22:26:35.413,read _RTCM
2021-10-15 22:26:36.415,read _RTCM
2021-10-15 22:26:37.413,read _RTCM
2021-10-15 22:26:38.414,read _RTCM
2021-10-15 22:26:39.404,read _RTCM
2021-10-15 22:26:40.434,read _RTCM
2021-10-15 22:26:41.405,read _RTCM
2021-10-15 22:26:42.402,read _RTCM
2021-10-15 22:26:43.411,read _RTCM
2021-10-15 22:26:44.399,read _RTCM
2021-10-15 22:26:45.410,read _RTCM
2021-10-15 22:26:46.408,read _RTCM
2021-10-15 22:26:47.402,read _RTCM
2021-10-15 22:26:48.403,read _RTCM
2021-10-15 22:26:49.459,read _RTCM
2021-10-15 22:26:50.410,read _RTCM
2021-10-15 22:26:51.412,read _RTCM
2021-10-15 22:26:52.408,read _RTCM
2021-10-15 22:26:53.403,read _RTCM
2021-10-15 22:26:54.397,read _RTCM
2021-10-15 22:26:55.466,read _RTCM
2021-10-15 22:26:56.387,read _RTCM
2021-10-15 22:26:57.399,read _RTCM
2021-10-15 22:26:58.406,read _RTCM
2021-10-15 22:26:59.439,read _RTCM
2021-10-15 22:27:00.413,read _RTCM
2021-10-15 22:27:01.613,read _RTCM
2021-10-15 22:27:02.403,read _RTCM
2021-10-15 22:27:03.407,read _RTCM
2021-10-15 22:27:04.399,read _RTCM
2021-10-15 22:27:05.394,read _RTCM
2021-10-15 22:27:06.402,read _RTCM
2021-10-15 22:27:07.389,read _RTCM
2021-10-15 22:27:08.397,read _RTCM
2021-10-15 22:27:09.399,read _RTCM
2021-10-15 22:27:10.394,read _RTCM
2021-10-15 22:27:11.396,read _RTCM
2021-10-15 22:27:12.382,read _RTCM
2021-10-15 22:27:13.391,read _RTCM
2021-10-15 22:27:14.403,read _RTCM
2021-10-15 22:27:15.386,read _RTCM
2021-10-15 22:27:16.395,read _RTCM
2021-10-15 22:27:17.390,read _RTCM
2021-10-15 22:27:18.407,read _RTCM
2021-10-15 22:27:19.384,read _RTCM
2021-10-15 22:27:20.392,read _RTCM
2021-10-15 22:27:21.383,read _RTCM
2021-10-15 22:27:22.567,read _RTCM
2021-10-15 22:27:23.389,read _RTCM
2021-10-15 22:27:24.397,read _RTCM
2021-10-15 22:27:25.530,read _RTCM
2021-10-15 22:27:26.380,read _RTCM
2021-10-15 22:27:27.371,read _RTCM
2021-10-15 22:27:28.380,read _RTCM
2021-10-15 22:27:29.391,read _RTCM
2021-10-15 22:27:30.384,read _RTCM
2021-10-15 22:27:31.373,read _RTCM
2021-10-15 22:27:32.383,read _RTCM
2021-10-15 22:27:33.384,read _RTCM
2021-10-15 22:27:34.413,read _RTCM
2021-10-15 22:27:35.391,read _RTCM
2021-10-15 22:27:36.385,read _RTCM
2021-10-15 22:27:37.372,read _RTCM
2021-10-15 22:27:38.383,read _RTCM
2021-10-15 22:27:39.374,read _RTCM
2021-10-15 22:27:40.562,read _RTCM
2021-10-15 22:27:41.373,read _RTCM
2021-10-15 22:27:42.367,read _RTCM
2021-10-15 22:27:43.373,read _RTCM
2021-10-15 22:27:44.365,read _RTCM
2021-10-15 22:27:45.366,read _RTCM
2021-10-15 22:27:46.374,read _RTCM
2021-10-15 22:27:47.369,read _RTCM
2021-10-15 22:27:48.377,read _RTCM
2021-10-15 22:27:49.367,read _RTCM
2021-10-15 22:27:50.377,read _RTCM
2021-10-15 22:27:51.389,read _RTCM
2021-10-15 22:27:52.384,read _RTCM
2021-10-15 22:27:53.371,read _RTCM
2021-10-15 22:27:54.373,read _RTCM
2021-10-15 22:27:55.383,read _RTCM
2021-10-15 22:27:56.367,read _RTCM
2021-10-15 22:27:57.369,read _RTCM
2021-10-15 22:27:58.372,read _RTCM
2021-10-15 22:27:59.378,read _RTCM
2021-10-15 22:28:00.366,read _RTCM
2021-10-15 22:28:01.380,read _RTCM
2021-10-15 22:28:02.375,read _RTCM
2021-10-15 22:28:03.375,read _RTCM
2021-10-15 22:28:04.366,read _RTCM
2021-10-15 22:28:05.358,read _RTCM
2021-10-15 22:28:06.361,read _RTCM
2021-10-15 22:28:07.362,read _RTCM
2021-10-15 22:28:08.377,read _RTCM
2021-10-15 22:28:09.363,read _RTCM
2021-10-15 22:28:10.627,read _RTCM
2021-10-15 22:28:11.363,read _RTCM
2021-10-15 22:28:12.361,read _RTCM
2021-10-15 22:28:13.352,read _RTCM
2021-10-15 22:28:14.357,read _RTCM
2021-10-15 22:28:15.362,read _RTCM
2021-10-15 22:28:16.354,read _RTCM
2021-10-15 22:28:17.363,read _RTCM
2021-10-15 22:28:18.363,read _RTCM
2021-10-15 22:28:19.361,read _RTCM
2021-10-15 22:28:20.359,read _RTCM
2021-10-15 22:28:21.362,read _RTCM
2021-10-15 22:28:22.362,read _RTCM
2021-10-15 22:28:23.350,read _RTCM
2021-10-15 22:28:24.359,read _RTCM
2021-10-15 22:28:25.351,read _RTCM
2021-10-15 22:28:26.355,read _RTCM
2021-10-15 22:28:27.353,read _RTCM
2021-10-15 22:28:28.346,read _RTCM
2021-10-15 22:28:29.359,read _RTCM
2021-10-15 22:28:30.371,read _RTCM
2021-10-15 22:28:31.363,read _RTCM
2021-10-15 22:28:32.356,read _RTCM
2021-10-15 22:28:33.359,read _RTCM
2021-10-15 22:28:34.371,read _RTCM
2021-10-15 22:28:35.360,read _RTCM
2021-10-15 22:28:36.343,read _RTCM
2021-10-15 22:28:37.360,read _RTCM
2021-10-15 22:28:38.358,read _RTCM
2021-10-15 22:28:39.345,read _RTCM
2021-10-15 22:28:40.371,read _RTCM
2021-10-15 22:28:41.344,read _RTCM
2021-10-15 22:28:42.354,read _RTCM
2021-10-15 22:28:43.350,read _RTCM
2021-10-15 22:28:44.333,read _RTCM
2021-10-15 22:28:45.333,read _RTCM
2021-10-15 22:28:46.337,read _RTCM
2021-10-15 22:28:47.469,read _RTCM
2021-10-15 22:28:48.342,read _RTCM
2021-10-15 22:28:49.347,read _RTCM
2021-10-15 22:28:50.347,read _RTCM
2021-10-15 22:28:51.343,read _RTCM
2021-10-15 22:28:52.344,read _RTCM
2021-10-15 22:28:53.336,read _RTCM
2021-10-15 22:28:54.348,read _RTCM
2021-10-15 22:28:55.404,read _RTCM
2021-10-15 22:28:56.349,read _RTCM
2021-10-15 22:28:57.351,read _RTCM
2021-10-15 22:28:58.338,read _RTCM
2021-10-15 22:28:59.341,read _RTCM
2021-10-15 22:29:00.359,read _RTCM
2021-10-15 22:29:01.351,read _RTCM
2021-10-15 22:29:02.345,read _RTCM
2021-10-15 22:29:03.334,read _RTCM
2021-10-15 22:29:04.346,read _RTCM
2021-10-15 22:29:05.334,read _RTCM
2021-10-15 22:29:06.329,read _RTCM
2021-10-15 22:29:07.332,read _RTCM
2021-10-15 22:29:08.340,read _RTCM
2021-10-15 22:29:09.328,read _RTCM
2021-10-15 22:29:10.338,read _RTCM
2021-10-15 22:29:11.378,read _RTCM
2021-10-15 22:29:20.374,read _RTCM
2021-10-15 22:29:21.321,read _RTCM
2021-10-15 22:29:22.329,read _RTCM
2021-10-15 22:29:37.351,read _RTCM
2021-10-15 22:29:38.314,read _RTCM
2021-10-15 22:29:39.315,read _RTCM
2021-10-15 22:29:47.332,read _RTCM
2021-10-15 22:29:48.310,read _RTCM
2021-10-15 22:29:49.321,read _RTCM
2021-10-15 22:43:26.983,read _RTCM
2021-10-15 22:55:49.646,read _RTCM
2021-10-15 23:06:10.457,read _RTCM
2021-10-15 23:06:11.400,read _RTCM
2021-10-15 23:06:12.412,read _RTCM
2021-10-15 23:06:13.412,read _RTCM
2021-10-15 23:06:14.401,read _RTCM
2021-10-15 23:06:15.549,read _RTCM
2021-10-15 23:06:16.400,read _RTCM
2021-10-15 23:06:17.419,read _RTCM
2021-10-15 23:06:18.698,read _RTCM
2021-10-15 23:06:19.401,read _RTCM
2021-10-15 23:06:20.400,read _RTCM
2021-10-15 23:06:21.400,read _RTCM
2021-10-15 23:06:22.402,read _RTCM
2021-10-15 23:06:23.396,read _RTCM
2021-10-15 23:06:24.606,read _RTCM
2021-10-15 23:06:25.409,read _RTCM
2021-10-15 23:06:26.417,read _RTCM
2021-10-15 23:06:27.399,read _RTCM
2021-10-15 23:06:28.406,read _RTCM
2021-10-15 23:06:29.451,read _RTCM
2021-10-15 23:06:30.581,read _RTCM
2021-10-15 23:06:31.405,read _RTCM
2021-10-15 23:07:06.422,read _RTCM
2021-10-15 23:07:07.374,read _RTCM
2021-10-15 23:07:08.366,read _RTCM
2021-10-15 23:07:09.378,read _RTCM
